{"C:\\Users\\admin\\OneDrive\\Desktop\\Front-end_final\\src\\App.tsx": {"path":"C:\\Users\\admin\\OneDrive\\Desktop\\Front-end_final\\src\\App.tsx","statementMap":{"0":{"start":{"line":9,"column":6},"end":{"line":9,"column":null}},"1":{"start":{"line":9,"column":28},"end":{"line":9,"column":null}},"2":{"start":{"line":10,"column":6},"end":{"line":10,"column":null}},"3":{"start":{"line":10,"column":36},"end":{"line":10,"column":null}},"4":{"start":{"line":11,"column":6},"end":{"line":11,"column":null}},"5":{"start":{"line":11,"column":31},"end":{"line":11,"column":null}},"6":{"start":{"line":12,"column":6},"end":{"line":12,"column":null}},"7":{"start":{"line":12,"column":33},"end":{"line":12,"column":null}},"8":{"start":{"line":13,"column":6},"end":{"line":13,"column":null}},"9":{"start":{"line":13,"column":32},"end":{"line":13,"column":null}},"10":{"start":{"line":14,"column":6},"end":{"line":14,"column":null}},"11":{"start":{"line":14,"column":29},"end":{"line":14,"column":null}},"12":{"start":{"line":15,"column":6},"end":{"line":15,"column":null}},"13":{"start":{"line":15,"column":32},"end":{"line":15,"column":null}},"14":{"start":{"line":16,"column":6},"end":{"line":16,"column":null}},"15":{"start":{"line":16,"column":32},"end":{"line":16,"column":null}},"16":{"start":{"line":19,"column":2},"end":{"line":55,"column":null}}},"fnMap":{"0":{"name":"(anonymous_0)","decl":{"start":{"line":9,"column":22},"end":{"line":9,"column":28}},"loc":{"start":{"line":9,"column":28},"end":{"line":9,"column":null}},"line":9},"1":{"name":"(anonymous_1)","decl":{"start":{"line":10,"column":30},"end":{"line":10,"column":36}},"loc":{"start":{"line":10,"column":36},"end":{"line":10,"column":null}},"line":10},"2":{"name":"(anonymous_2)","decl":{"start":{"line":11,"column":25},"end":{"line":11,"column":31}},"loc":{"start":{"line":11,"column":31},"end":{"line":11,"column":null}},"line":11},"3":{"name":"(anonymous_3)","decl":{"start":{"line":12,"column":27},"end":{"line":12,"column":33}},"loc":{"start":{"line":12,"column":33},"end":{"line":12,"column":null}},"line":12},"4":{"name":"(anonymous_4)","decl":{"start":{"line":13,"column":26},"end":{"line":13,"column":32}},"loc":{"start":{"line":13,"column":32},"end":{"line":13,"column":null}},"line":13},"5":{"name":"(anonymous_5)","decl":{"start":{"line":14,"column":23},"end":{"line":14,"column":29}},"loc":{"start":{"line":14,"column":29},"end":{"line":14,"column":null}},"line":14},"6":{"name":"(anonymous_6)","decl":{"start":{"line":15,"column":26},"end":{"line":15,"column":32}},"loc":{"start":{"line":15,"column":32},"end":{"line":15,"column":null}},"line":15},"7":{"name":"(anonymous_7)","decl":{"start":{"line":16,"column":26},"end":{"line":16,"column":32}},"loc":{"start":{"line":16,"column":32},"end":{"line":16,"column":null}},"line":16},"8":{"name":"App","decl":{"start":{"line":18,"column":9},"end":{"line":18,"column":15}},"loc":{"start":{"line":18,"column":15},"end":{"line":57,"column":null}},"line":18}},"branchMap":{},"s":{"0":0,"1":0,"2":0,"3":0,"4":0,"5":0,"6":0,"7":0,"8":0,"9":0,"10":0,"11":0,"12":0,"13":0,"14":0,"15":0,"16":0},"f":{"0":0,"1":0,"2":0,"3":0,"4":0,"5":0,"6":0,"7":0,"8":0},"b":{},"meta":{"lastBranch":0,"lastFunction":9,"lastStatement":17,"seen":{"s:9:6:9:Infinity":0,"f:9:22:9:28":0,"s:9:28:9:Infinity":1,"s:10:6:10:Infinity":2,"f:10:30:10:36":1,"s:10:36:10:Infinity":3,"s:11:6:11:Infinity":4,"f:11:25:11:31":2,"s:11:31:11:Infinity":5,"s:12:6:12:Infinity":6,"f:12:27:12:33":3,"s:12:33:12:Infinity":7,"s:13:6:13:Infinity":8,"f:13:26:13:32":4,"s:13:32:13:Infinity":9,"s:14:6:14:Infinity":10,"f:14:23:14:29":5,"s:14:29:14:Infinity":11,"s:15:6:15:Infinity":12,"f:15:26:15:32":6,"s:15:32:15:Infinity":13,"s:16:6:16:Infinity":14,"f:16:26:16:32":7,"s:16:32:16:Infinity":15,"f:18:9:18:15":8,"s:19:2:55:Infinity":16}}}
,"C:\\Users\\admin\\OneDrive\\Desktop\\Front-end_final\\src\\components\\articles\\ArticleCard.tsx": {"path":"C:\\Users\\admin\\OneDrive\\Desktop\\Front-end_final\\src\\components\\articles\\ArticleCard.tsx","statementMap":{"0":{"start":{"line":13,"column":27},"end":{"line":59,"column":null}},"1":{"start":{"line":15,"column":4},"end":{"line":56,"column":null}},"2":{"start":{"line":18,"column":23},"end":{"line":18,"column":null}},"3":{"start":{"line":37,"column":30},"end":{"line":37,"column":null}},"4":{"start":{"line":61,"column":0},"end":{"line":61,"column":null}}},"fnMap":{"0":{"name":"(anonymous_0)","decl":{"start":{"line":14,"column":2},"end":{"line":14,"column":3}},"loc":{"start":{"line":14,"column":60},"end":{"line":58,"column":null}},"line":14},"1":{"name":"(anonymous_1)","decl":{"start":{"line":18,"column":17},"end":{"line":18,"column":23}},"loc":{"start":{"line":18,"column":23},"end":{"line":18,"column":null}},"line":18},"2":{"name":"(anonymous_2)","decl":{"start":{"line":37,"column":24},"end":{"line":37,"column":30}},"loc":{"start":{"line":37,"column":30},"end":{"line":37,"column":null}},"line":37}},"branchMap":{"0":{"loc":{"start":{"line":22,"column":9},"end":{"line":28,"column":null}},"type":"binary-expr","locations":[{"start":{"line":22,"column":9},"end":{"line":22,"column":null}},{"start":{"line":23,"column":10},"end":{"line":28,"column":null}}],"line":22}},"s":{"0":2,"1":9,"2":1,"3":2,"4":2},"f":{"0":9,"1":1,"2":2},"b":{"0":[9,9]},"meta":{"lastBranch":1,"lastFunction":3,"lastStatement":5,"seen":{"s:13:27:59:Infinity":0,"f:14:2:14:3":0,"s:15:4:56:Infinity":1,"f:18:17:18:23":1,"s:18:23:18:Infinity":2,"b:22:9:22:Infinity:23:10:28:Infinity":0,"f:37:24:37:30":2,"s:37:30:37:Infinity":3,"s:61:0:61:Infinity":4}}}
,"C:\\Users\\admin\\OneDrive\\Desktop\\Front-end_final\\src\\components\\articles\\ArticleDetail.tsx": {"path":"C:\\Users\\admin\\OneDrive\\Desktop\\Front-end_final\\src\\components\\articles\\ArticleDetail.tsx","statementMap":{"0":{"start":{"line":16,"column":29},"end":{"line":89,"column":null}},"1":{"start":{"line":18,"column":4},"end":{"line":86,"column":null}},"2":{"start":{"line":77,"column":14},"end":{"line":82,"column":null}},"3":{"start":{"line":91,"column":0},"end":{"line":91,"column":null}}},"fnMap":{"0":{"name":"(anonymous_0)","decl":{"start":{"line":17,"column":2},"end":{"line":17,"column":3}},"loc":{"start":{"line":17,"column":69},"end":{"line":88,"column":null}},"line":17},"1":{"name":"(anonymous_1)","decl":{"start":{"line":76,"column":30},"end":{"line":76,"column":31}},"loc":{"start":{"line":77,"column":14},"end":{"line":82,"column":null}},"line":77}},"branchMap":{"0":{"loc":{"start":{"line":30,"column":9},"end":{"line":35,"column":null}},"type":"binary-expr","locations":[{"start":{"line":30,"column":9},"end":{"line":30,"column":null}},{"start":{"line":31,"column":10},"end":{"line":35,"column":null}}],"line":30},"1":{"loc":{"start":{"line":39,"column":11},"end":{"line":40,"column":null}},"type":"binary-expr","locations":[{"start":{"line":39,"column":11},"end":{"line":39,"column":null}},{"start":{"line":40,"column":12},"end":{"line":40,"column":null}}],"line":39}},"s":{"0":0,"1":0,"2":0,"3":0},"f":{"0":0,"1":0},"b":{"0":[0,0],"1":[0,0]},"meta":{"lastBranch":2,"lastFunction":2,"lastStatement":4,"seen":{"s:16:29:89:Infinity":0,"f:17:2:17:3":0,"s:18:4:86:Infinity":1,"b:30:9:30:Infinity:31:10:35:Infinity":0,"b:39:11:39:Infinity:40:12:40:Infinity":1,"f:76:30:76:31":1,"s:77:14:82:Infinity":2,"s:91:0:91:Infinity":3}}}
,"C:\\Users\\admin\\OneDrive\\Desktop\\Front-end_final\\src\\components\\articles\\ArticleList.tsx": {"path":"C:\\Users\\admin\\OneDrive\\Desktop\\Front-end_final\\src\\components\\articles\\ArticleList.tsx","statementMap":{"0":{"start":{"line":13,"column":27},"end":{"line":56,"column":null}},"1":{"start":{"line":21,"column":25},"end":{"line":21,"column":null}},"2":{"start":{"line":22,"column":30},"end":{"line":22,"column":null}},"3":{"start":{"line":24,"column":10},"end":{"line":27,"column":null}},"4":{"start":{"line":25,"column":12},"end":{"line":25,"column":null}},"5":{"start":{"line":29,"column":4},"end":{"line":38,"column":null}},"6":{"start":{"line":30,"column":6},"end":{"line":36,"column":null}},"7":{"start":{"line":40,"column":4},"end":{"line":53,"column":null}},"8":{"start":{"line":44,"column":12},"end":{"line":50,"column":null}},"9":{"start":{"line":58,"column":0},"end":{"line":58,"column":null}}},"fnMap":{"0":{"name":"(anonymous_0)","decl":{"start":{"line":14,"column":2},"end":{"line":14,"column":3}},"loc":{"start":{"line":19,"column":8},"end":{"line":55,"column":null}},"line":19},"1":{"name":"(anonymous_1)","decl":{"start":{"line":25,"column":6},"end":{"line":25,"column":12}},"loc":{"start":{"line":25,"column":12},"end":{"line":25,"column":null}},"line":25},"2":{"name":"(anonymous_2)","decl":{"start":{"line":43,"column":32},"end":{"line":43,"column":33}},"loc":{"start":{"line":44,"column":12},"end":{"line":50,"column":null}},"line":44}},"branchMap":{"0":{"loc":{"start":{"line":21,"column":25},"end":{"line":21,"column":null}},"type":"cond-expr","locations":[{"start":{"line":21,"column":51},"end":{"line":21,"column":62}},{"start":{"line":21,"column":62},"end":{"line":21,"column":null}}],"line":21},"1":{"loc":{"start":{"line":22,"column":30},"end":{"line":22,"column":null}},"type":"binary-expr","locations":[{"start":{"line":22,"column":30},"end":{"line":22,"column":47}},{"start":{"line":22,"column":47},"end":{"line":22,"column":null}}],"line":22},"2":{"loc":{"start":{"line":29,"column":4},"end":{"line":38,"column":null}},"type":"if","locations":[{"start":{"line":29,"column":4},"end":{"line":38,"column":null}},{"start":{},"end":{}}],"line":29}},"s":{"0":1,"1":1,"2":1,"3":1,"4":1,"5":1,"6":1,"7":0,"8":0,"9":1},"f":{"0":1,"1":1,"2":0},"b":{"0":[1,0],"1":[1,0],"2":[1,0]},"meta":{"lastBranch":3,"lastFunction":3,"lastStatement":10,"seen":{"s:13:27:56:Infinity":0,"f:14:2:14:3":0,"s:21:25:21:Infinity":1,"b:21:51:21:62:21:62:21:Infinity":0,"s:22:30:22:Infinity":2,"b:22:30:22:47:22:47:22:Infinity":1,"s:24:10:27:Infinity":3,"f:25:6:25:12":1,"s:25:12:25:Infinity":4,"b:29:4:38:Infinity:undefined:undefined:undefined:undefined":2,"s:29:4:38:Infinity":5,"s:30:6:36:Infinity":6,"s:40:4:53:Infinity":7,"f:43:32:43:33":2,"s:44:12:50:Infinity":8,"s:58:0:58:Infinity":9}}}
,"C:\\Users\\admin\\OneDrive\\Desktop\\Front-end_final\\src\\components\\articles\\ArticleSkeleton.tsx": {"path":"C:\\Users\\admin\\OneDrive\\Desktop\\Front-end_final\\src\\components\\articles\\ArticleSkeleton.tsx","statementMap":{"0":{"start":{"line":3,"column":31},"end":{"line":18,"column":null}},"1":{"start":{"line":4,"column":2},"end":{"line":16,"column":null}},"2":{"start":{"line":20,"column":0},"end":{"line":20,"column":null}}},"fnMap":{"0":{"name":"(anonymous_0)","decl":{"start":{"line":3,"column":42},"end":{"line":3,"column":48}},"loc":{"start":{"line":3,"column":48},"end":{"line":18,"column":1}},"line":3}},"branchMap":{},"s":{"0":0,"1":0,"2":0},"f":{"0":0},"b":{},"meta":{"lastBranch":0,"lastFunction":1,"lastStatement":3,"seen":{"s:3:31:18:Infinity":0,"f:3:42:3:48":0,"s:4:2:16:Infinity":1,"s:20:0:20:Infinity":2}}}
,"C:\\Users\\admin\\OneDrive\\Desktop\\Front-end_final\\src\\components\\auth\\LoginForm.tsx": {"path":"C:\\Users\\admin\\OneDrive\\Desktop\\Front-end_final\\src\\components\\auth\\LoginForm.tsx","statementMap":{"0":{"start":{"line":16,"column":25},"end":{"line":53,"column":null}},"1":{"start":{"line":18,"column":4},"end":{"line":50,"column":null}},"2":{"start":{"line":24,"column":27},"end":{"line":24,"column":null}},"3":{"start":{"line":25,"column":24},"end":{"line":25,"column":null}},"4":{"start":{"line":35,"column":27},"end":{"line":35,"column":null}},"5":{"start":{"line":36,"column":24},"end":{"line":36,"column":null}},"6":{"start":{"line":55,"column":0},"end":{"line":55,"column":null}}},"fnMap":{"0":{"name":"(anonymous_0)","decl":{"start":{"line":17,"column":2},"end":{"line":17,"column":3}},"loc":{"start":{"line":17,"column":88},"end":{"line":52,"column":null}},"line":17},"1":{"name":"(anonymous_1)","decl":{"start":{"line":24,"column":20},"end":{"line":24,"column":21}},"loc":{"start":{"line":24,"column":27},"end":{"line":24,"column":null}},"line":24},"2":{"name":"(anonymous_2)","decl":{"start":{"line":25,"column":18},"end":{"line":25,"column":24}},"loc":{"start":{"line":25,"column":24},"end":{"line":25,"column":null}},"line":25},"3":{"name":"(anonymous_3)","decl":{"start":{"line":35,"column":20},"end":{"line":35,"column":21}},"loc":{"start":{"line":35,"column":27},"end":{"line":35,"column":null}},"line":35},"4":{"name":"(anonymous_4)","decl":{"start":{"line":36,"column":18},"end":{"line":36,"column":24}},"loc":{"start":{"line":36,"column":24},"end":{"line":36,"column":null}},"line":36}},"branchMap":{"0":{"loc":{"start":{"line":42,"column":9},"end":{"line":45,"column":null}},"type":"binary-expr","locations":[{"start":{"line":42,"column":9},"end":{"line":42,"column":null}},{"start":{"line":43,"column":10},"end":{"line":45,"column":null}}],"line":42}},"s":{"0":1,"1":8,"2":1,"3":1,"4":0,"5":0,"6":1},"f":{"0":8,"1":1,"2":1,"3":0,"4":0},"b":{"0":[8,1]},"meta":{"lastBranch":1,"lastFunction":5,"lastStatement":7,"seen":{"s:16:25:53:Infinity":0,"f:17:2:17:3":0,"s:18:4:50:Infinity":1,"f:24:20:24:21":1,"s:24:27:24:Infinity":2,"f:25:18:25:24":2,"s:25:24:25:Infinity":3,"f:35:20:35:21":3,"s:35:27:35:Infinity":4,"f:36:18:36:24":4,"s:36:24:36:Infinity":5,"b:42:9:42:Infinity:43:10:45:Infinity":0,"s:55:0:55:Infinity":6}}}
,"C:\\Users\\admin\\OneDrive\\Desktop\\Front-end_final\\src\\components\\auth\\RegisterForm.tsx": {"path":"C:\\Users\\admin\\OneDrive\\Desktop\\Front-end_final\\src\\components\\auth\\RegisterForm.tsx","statementMap":{"0":{"start":{"line":30,"column":28},"end":{"line":124,"column":null}},"1":{"start":{"line":45,"column":28},"end":{"line":50,"column":null}},"2":{"start":{"line":46,"column":6},"end":{"line":46,"column":null}},"3":{"start":{"line":46,"column":30},"end":{"line":46,"column":null}},"4":{"start":{"line":47,"column":6},"end":{"line":47,"column":null}},"5":{"start":{"line":47,"column":40},"end":{"line":47,"column":null}},"6":{"start":{"line":48,"column":6},"end":{"line":48,"column":null}},"7":{"start":{"line":48,"column":41},"end":{"line":48,"column":null}},"8":{"start":{"line":49,"column":6},"end":{"line":49,"column":null}},"9":{"start":{"line":52,"column":25},"end":{"line":57,"column":null}},"10":{"start":{"line":53,"column":6},"end":{"line":53,"column":null}},"11":{"start":{"line":53,"column":27},"end":{"line":53,"column":null}},"12":{"start":{"line":54,"column":6},"end":{"line":54,"column":null}},"13":{"start":{"line":54,"column":37},"end":{"line":54,"column":null}},"14":{"start":{"line":55,"column":6},"end":{"line":55,"column":null}},"15":{"start":{"line":55,"column":38},"end":{"line":55,"column":null}},"16":{"start":{"line":56,"column":6},"end":{"line":56,"column":null}},"17":{"start":{"line":59,"column":4},"end":{"line":121,"column":null}},"18":{"start":{"line":65,"column":27},"end":{"line":65,"column":null}},"19":{"start":{"line":66,"column":24},"end":{"line":66,"column":null}},"20":{"start":{"line":80,"column":27},"end":{"line":80,"column":null}},"21":{"start":{"line":81,"column":24},"end":{"line":81,"column":null}},"22":{"start":{"line":91,"column":27},"end":{"line":91,"column":null}},"23":{"start":{"line":92,"column":24},"end":{"line":92,"column":null}},"24":{"start":{"line":106,"column":27},"end":{"line":106,"column":null}},"25":{"start":{"line":107,"column":24},"end":{"line":107,"column":null}},"26":{"start":{"line":126,"column":0},"end":{"line":126,"column":null}}},"fnMap":{"0":{"name":"(anonymous_0)","decl":{"start":{"line":31,"column":2},"end":{"line":31,"column":3}},"loc":{"start":{"line":44,"column":8},"end":{"line":123,"column":null}},"line":44},"1":{"name":"(anonymous_1)","decl":{"start":{"line":45,"column":28},"end":{"line":45,"column":34}},"loc":{"start":{"line":45,"column":34},"end":{"line":50,"column":null}},"line":45},"2":{"name":"(anonymous_2)","decl":{"start":{"line":52,"column":25},"end":{"line":52,"column":31}},"loc":{"start":{"line":52,"column":31},"end":{"line":57,"column":null}},"line":52},"3":{"name":"(anonymous_3)","decl":{"start":{"line":65,"column":20},"end":{"line":65,"column":21}},"loc":{"start":{"line":65,"column":27},"end":{"line":65,"column":null}},"line":65},"4":{"name":"(anonymous_4)","decl":{"start":{"line":66,"column":18},"end":{"line":66,"column":24}},"loc":{"start":{"line":66,"column":24},"end":{"line":66,"column":null}},"line":66},"5":{"name":"(anonymous_5)","decl":{"start":{"line":80,"column":20},"end":{"line":80,"column":21}},"loc":{"start":{"line":80,"column":27},"end":{"line":80,"column":null}},"line":80},"6":{"name":"(anonymous_6)","decl":{"start":{"line":81,"column":18},"end":{"line":81,"column":24}},"loc":{"start":{"line":81,"column":24},"end":{"line":81,"column":null}},"line":81},"7":{"name":"(anonymous_7)","decl":{"start":{"line":91,"column":20},"end":{"line":91,"column":21}},"loc":{"start":{"line":91,"column":27},"end":{"line":91,"column":null}},"line":91},"8":{"name":"(anonymous_8)","decl":{"start":{"line":92,"column":18},"end":{"line":92,"column":24}},"loc":{"start":{"line":92,"column":24},"end":{"line":92,"column":null}},"line":92},"9":{"name":"(anonymous_9)","decl":{"start":{"line":106,"column":20},"end":{"line":106,"column":21}},"loc":{"start":{"line":106,"column":27},"end":{"line":106,"column":null}},"line":106},"10":{"name":"(anonymous_10)","decl":{"start":{"line":107,"column":18},"end":{"line":107,"column":24}},"loc":{"start":{"line":107,"column":24},"end":{"line":107,"column":null}},"line":107}},"branchMap":{"0":{"loc":{"start":{"line":46,"column":6},"end":{"line":46,"column":null}},"type":"if","locations":[{"start":{"line":46,"column":6},"end":{"line":46,"column":null}},{"start":{},"end":{}}],"line":46},"1":{"loc":{"start":{"line":47,"column":6},"end":{"line":47,"column":null}},"type":"if","locations":[{"start":{"line":47,"column":6},"end":{"line":47,"column":null}},{"start":{},"end":{}}],"line":47},"2":{"loc":{"start":{"line":48,"column":6},"end":{"line":48,"column":null}},"type":"if","locations":[{"start":{"line":48,"column":6},"end":{"line":48,"column":null}},{"start":{},"end":{}}],"line":48},"3":{"loc":{"start":{"line":53,"column":6},"end":{"line":53,"column":null}},"type":"if","locations":[{"start":{"line":53,"column":6},"end":{"line":53,"column":null}},{"start":{},"end":{}}],"line":53},"4":{"loc":{"start":{"line":54,"column":6},"end":{"line":54,"column":null}},"type":"if","locations":[{"start":{"line":54,"column":6},"end":{"line":54,"column":null}},{"start":{},"end":{}}],"line":54},"5":{"loc":{"start":{"line":55,"column":6},"end":{"line":55,"column":null}},"type":"if","locations":[{"start":{"line":55,"column":6},"end":{"line":55,"column":null}},{"start":{},"end":{}}],"line":55},"6":{"loc":{"start":{"line":68,"column":12},"end":{"line":69,"column":null}},"type":"binary-expr","locations":[{"start":{"line":68,"column":12},"end":{"line":68,"column":null}},{"start":{"line":69,"column":13},"end":{"line":69,"column":null}}],"line":68},"7":{"loc":{"start":{"line":69,"column":13},"end":{"line":69,"column":null}},"type":"cond-expr","locations":[{"start":{"line":69,"column":45},"end":{"line":69,"column":75}},{"start":{"line":69,"column":75},"end":{"line":69,"column":null}}],"line":69},"8":{"loc":{"start":{"line":94,"column":12},"end":{"line":95,"column":null}},"type":"binary-expr","locations":[{"start":{"line":94,"column":12},"end":{"line":94,"column":null}},{"start":{"line":95,"column":13},"end":{"line":95,"column":null}}],"line":94},"9":{"loc":{"start":{"line":95,"column":13},"end":{"line":95,"column":null}},"type":"cond-expr","locations":[{"start":{"line":95,"column":42},"end":{"line":95,"column":74}},{"start":{"line":95,"column":74},"end":{"line":95,"column":null}}],"line":95},"10":{"loc":{"start":{"line":113,"column":9},"end":{"line":116,"column":null}},"type":"binary-expr","locations":[{"start":{"line":113,"column":9},"end":{"line":113,"column":null}},{"start":{"line":114,"column":10},"end":{"line":116,"column":null}}],"line":113}},"s":{"0":1,"1":8,"2":8,"3":1,"4":7,"5":1,"6":6,"7":1,"8":5,"9":8,"10":8,"11":0,"12":8,"13":0,"14":8,"15":0,"16":8,"17":8,"18":1,"19":0,"20":0,"21":0,"22":0,"23":0,"24":0,"25":0,"26":1},"f":{"0":8,"1":8,"2":8,"3":1,"4":0,"5":0,"6":0,"7":0,"8":0,"9":0,"10":0},"b":{"0":[1,7],"1":[1,6],"2":[1,5],"3":[0,8],"4":[0,8],"5":[0,8],"6":[8,8],"7":[1,7],"8":[8,8],"9":[0,8],"10":[8,1]},"meta":{"lastBranch":11,"lastFunction":11,"lastStatement":27,"seen":{"s:30:28:124:Infinity":0,"f:31:2:31:3":0,"s:45:28:50:Infinity":1,"f:45:28:45:34":1,"b:46:6:46:Infinity:undefined:undefined:undefined:undefined":0,"s:46:6:46:Infinity":2,"s:46:30:46:Infinity":3,"b:47:6:47:Infinity:undefined:undefined:undefined:undefined":1,"s:47:6:47:Infinity":4,"s:47:40:47:Infinity":5,"b:48:6:48:Infinity:undefined:undefined:undefined:undefined":2,"s:48:6:48:Infinity":6,"s:48:41:48:Infinity":7,"s:49:6:49:Infinity":8,"s:52:25:57:Infinity":9,"f:52:25:52:31":2,"b:53:6:53:Infinity:undefined:undefined:undefined:undefined":3,"s:53:6:53:Infinity":10,"s:53:27:53:Infinity":11,"b:54:6:54:Infinity:undefined:undefined:undefined:undefined":4,"s:54:6:54:Infinity":12,"s:54:37:54:Infinity":13,"b:55:6:55:Infinity:undefined:undefined:undefined:undefined":5,"s:55:6:55:Infinity":14,"s:55:38:55:Infinity":15,"s:56:6:56:Infinity":16,"s:59:4:121:Infinity":17,"f:65:20:65:21":3,"s:65:27:65:Infinity":18,"f:66:18:66:24":4,"s:66:24:66:Infinity":19,"b:68:12:68:Infinity:69:13:69:Infinity":6,"b:69:45:69:75:69:75:69:Infinity":7,"f:80:20:80:21":5,"s:80:27:80:Infinity":20,"f:81:18:81:24":6,"s:81:24:81:Infinity":21,"f:91:20:91:21":7,"s:91:27:91:Infinity":22,"f:92:18:92:24":8,"s:92:24:92:Infinity":23,"b:94:12:94:Infinity:95:13:95:Infinity":8,"b:95:42:95:74:95:74:95:Infinity":9,"f:106:20:106:21":9,"s:106:27:106:Infinity":24,"f:107:18:107:24":10,"s:107:24:107:Infinity":25,"b:113:9:113:Infinity:114:10:116:Infinity":10,"s:126:0:126:Infinity":26}}}
,"C:\\Users\\admin\\OneDrive\\Desktop\\Front-end_final\\src\\components\\bookmarks\\BookmarkButton.tsx": {"path":"C:\\Users\\admin\\OneDrive\\Desktop\\Front-end_final\\src\\components\\bookmarks\\BookmarkButton.tsx","statementMap":{"0":{"start":{"line":8,"column":30},"end":{"line":39,"column":null}},"1":{"start":{"line":10,"column":4},"end":{"line":36,"column":null}},"2":{"start":{"line":13,"column":10},"end":{"line":13,"column":null}},"3":{"start":{"line":14,"column":10},"end":{"line":14,"column":null}},"4":{"start":{"line":41,"column":0},"end":{"line":41,"column":null}}},"fnMap":{"0":{"name":"(anonymous_0)","decl":{"start":{"line":9,"column":2},"end":{"line":9,"column":3}},"loc":{"start":{"line":9,"column":34},"end":{"line":38,"column":null}},"line":9},"1":{"name":"(anonymous_1)","decl":{"start":{"line":12,"column":17},"end":{"line":12,"column":18}},"loc":{"start":{"line":12,"column":24},"end":{"line":15,"column":null}},"line":12}},"branchMap":{"0":{"loc":{"start":{"line":16,"column":20},"end":{"line":16,"column":null}},"type":"cond-expr","locations":[{"start":{"line":16,"column":35},"end":{"line":16,"column":55}},{"start":{"line":16,"column":55},"end":{"line":16,"column":null}}],"line":16},"1":{"loc":{"start":{"line":18,"column":10},"end":{"line":20,"column":null}},"type":"cond-expr","locations":[{"start":{"line":19,"column":14},"end":{"line":19,"column":null}},{"start":{"line":20,"column":14},"end":{"line":20,"column":null}}],"line":18},"2":{"loc":{"start":{"line":25,"column":16},"end":{"line":25,"column":null}},"type":"cond-expr","locations":[{"start":{"line":25,"column":31},"end":{"line":25,"column":48}},{"start":{"line":25,"column":48},"end":{"line":25,"column":null}}],"line":25}},"s":{"0":3,"1":13,"2":4,"3":4,"4":3},"f":{"0":13,"1":4},"b":{"0":[2,11],"1":[2,11],"2":[2,11]},"meta":{"lastBranch":3,"lastFunction":2,"lastStatement":5,"seen":{"s:8:30:39:Infinity":0,"f:9:2:9:3":0,"s:10:4:36:Infinity":1,"f:12:17:12:18":1,"s:13:10:13:Infinity":2,"s:14:10:14:Infinity":3,"b:16:35:16:55:16:55:16:Infinity":0,"b:19:14:19:Infinity:20:14:20:Infinity":1,"b:25:31:25:48:25:48:25:Infinity":2,"s:41:0:41:Infinity":4}}}
,"C:\\Users\\admin\\OneDrive\\Desktop\\Front-end_final\\src\\components\\bookmarks\\BookmarkList.tsx": {"path":"C:\\Users\\admin\\OneDrive\\Desktop\\Front-end_final\\src\\components\\bookmarks\\BookmarkList.tsx","statementMap":{"0":{"start":{"line":13,"column":28},"end":{"line":47,"column":null}},"1":{"start":{"line":15,"column":31},"end":{"line":17,"column":null}},"2":{"start":{"line":16,"column":6},"end":{"line":16,"column":null}},"3":{"start":{"line":16,"column":28},"end":{"line":16,"column":48}},"4":{"start":{"line":19,"column":4},"end":{"line":31,"column":null}},"5":{"start":{"line":20,"column":6},"end":{"line":29,"column":null}},"6":{"start":{"line":33,"column":4},"end":{"line":44,"column":null}},"7":{"start":{"line":36,"column":10},"end":{"line":42,"column":null}},"8":{"start":{"line":49,"column":0},"end":{"line":49,"column":null}}},"fnMap":{"0":{"name":"(anonymous_0)","decl":{"start":{"line":14,"column":2},"end":{"line":14,"column":3}},"loc":{"start":{"line":14,"column":65},"end":{"line":46,"column":null}},"line":14},"1":{"name":"(anonymous_1)","decl":{"start":{"line":15,"column":47},"end":{"line":15,"column":48}},"loc":{"start":{"line":16,"column":6},"end":{"line":16,"column":null}},"line":16},"2":{"name":"(anonymous_2)","decl":{"start":{"line":16,"column":21},"end":{"line":16,"column":22}},"loc":{"start":{"line":16,"column":28},"end":{"line":16,"column":48}},"line":16},"3":{"name":"(anonymous_3)","decl":{"start":{"line":35,"column":32},"end":{"line":35,"column":33}},"loc":{"start":{"line":36,"column":10},"end":{"line":42,"column":null}},"line":36}},"branchMap":{"0":{"loc":{"start":{"line":19,"column":4},"end":{"line":31,"column":null}},"type":"if","locations":[{"start":{"line":19,"column":4},"end":{"line":31,"column":null}},{"start":{},"end":{}}],"line":19}},"s":{"0":0,"1":0,"2":0,"3":0,"4":0,"5":0,"6":0,"7":0,"8":0},"f":{"0":0,"1":0,"2":0,"3":0},"b":{"0":[0,0]},"meta":{"lastBranch":1,"lastFunction":4,"lastStatement":9,"seen":{"s:13:28:47:Infinity":0,"f:14:2:14:3":0,"s:15:31:17:Infinity":1,"f:15:47:15:48":1,"s:16:6:16:Infinity":2,"f:16:21:16:22":2,"s:16:28:16:48":3,"b:19:4:31:Infinity:undefined:undefined:undefined:undefined":0,"s:19:4:31:Infinity":4,"s:20:6:29:Infinity":5,"s:33:4:44:Infinity":6,"f:35:32:35:33":3,"s:36:10:42:Infinity":7,"s:49:0:49:Infinity":8}}}
,"C:\\Users\\admin\\OneDrive\\Desktop\\Front-end_final\\src\\components\\categories\\CategoryBadge.tsx": {"path":"C:\\Users\\admin\\OneDrive\\Desktop\\Front-end_final\\src\\components\\categories\\CategoryBadge.tsx","statementMap":{"0":{"start":{"line":8,"column":29},"end":{"line":19,"column":null}},"1":{"start":{"line":10,"column":4},"end":{"line":16,"column":null}},"2":{"start":{"line":21,"column":0},"end":{"line":21,"column":null}}},"fnMap":{"0":{"name":"(anonymous_0)","decl":{"start":{"line":9,"column":2},"end":{"line":9,"column":3}},"loc":{"start":{"line":9,"column":23},"end":{"line":18,"column":null}},"line":9}},"branchMap":{},"s":{"0":0,"1":0,"2":0},"f":{"0":0},"b":{},"meta":{"lastBranch":0,"lastFunction":1,"lastStatement":3,"seen":{"s:8:29:19:Infinity":0,"f:9:2:9:3":0,"s:10:4:16:Infinity":1,"s:21:0:21:Infinity":2}}}
,"C:\\Users\\admin\\OneDrive\\Desktop\\Front-end_final\\src\\components\\categories\\CategoryFilter.tsx": {"path":"C:\\Users\\admin\\OneDrive\\Desktop\\Front-end_final\\src\\components\\categories\\CategoryFilter.tsx","statementMap":{"0":{"start":{"line":10,"column":30},"end":{"line":50,"column":null}},"1":{"start":{"line":12,"column":4},"end":{"line":47,"column":null}},"2":{"start":{"line":16,"column":27},"end":{"line":16,"column":null}},"3":{"start":{"line":27,"column":10},"end":{"line":45,"column":null}},"4":{"start":{"line":29,"column":29},"end":{"line":29,"column":null}},"5":{"start":{"line":52,"column":0},"end":{"line":52,"column":null}}},"fnMap":{"0":{"name":"(anonymous_0)","decl":{"start":{"line":11,"column":2},"end":{"line":11,"column":3}},"loc":{"start":{"line":11,"column":56},"end":{"line":49,"column":null}},"line":11},"1":{"name":"(anonymous_1)","decl":{"start":{"line":16,"column":21},"end":{"line":16,"column":27}},"loc":{"start":{"line":16,"column":27},"end":{"line":16,"column":null}},"line":16},"2":{"name":"(anonymous_2)","decl":{"start":{"line":26,"column":24},"end":{"line":26,"column":25}},"loc":{"start":{"line":27,"column":10},"end":{"line":45,"column":null}},"line":27},"3":{"name":"(anonymous_3)","decl":{"start":{"line":29,"column":23},"end":{"line":29,"column":29}},"loc":{"start":{"line":29,"column":29},"end":{"line":29,"column":null}},"line":29}},"branchMap":{"0":{"loc":{"start":{"line":18,"column":14},"end":{"line":20,"column":null}},"type":"cond-expr","locations":[{"start":{"line":19,"column":18},"end":{"line":19,"column":null}},{"start":{"line":20,"column":18},"end":{"line":20,"column":null}}],"line":18},"1":{"loc":{"start":{"line":31,"column":16},"end":{"line":33,"column":null}},"type":"cond-expr","locations":[{"start":{"line":32,"column":20},"end":{"line":32,"column":null}},{"start":{"line":33,"column":20},"end":{"line":33,"column":null}}],"line":31}},"s":{"0":0,"1":0,"2":0,"3":0,"4":0,"5":0},"f":{"0":0,"1":0,"2":0,"3":0},"b":{"0":[0,0],"1":[0,0]},"meta":{"lastBranch":2,"lastFunction":4,"lastStatement":6,"seen":{"s:10:30:50:Infinity":0,"f:11:2:11:3":0,"s:12:4:47:Infinity":1,"f:16:21:16:27":1,"s:16:27:16:Infinity":2,"b:19:18:19:Infinity:20:18:20:Infinity":0,"f:26:24:26:25":2,"s:27:10:45:Infinity":3,"f:29:23:29:29":3,"s:29:29:29:Infinity":4,"b:32:20:32:Infinity:33:20:33:Infinity":1,"s:52:0:52:Infinity":5}}}
,"C:\\Users\\admin\\OneDrive\\Desktop\\Front-end_final\\src\\components\\common\\Button.tsx": {"path":"C:\\Users\\admin\\OneDrive\\Desktop\\Front-end_final\\src\\components\\common\\Button.tsx","statementMap":{"0":{"start":{"line":8,"column":22},"end":{"line":34,"column":null}},"1":{"start":{"line":10,"column":24},"end":{"line":10,"column":null}},"2":{"start":{"line":11,"column":27},"end":{"line":15,"column":null}},"3":{"start":{"line":17,"column":4},"end":{"line":31,"column":null}},"4":{"start":{"line":36,"column":0},"end":{"line":36,"column":null}}},"fnMap":{"0":{"name":"(anonymous_0)","decl":{"start":{"line":9,"column":2},"end":{"line":9,"column":3}},"loc":{"start":{"line":9,"column":88},"end":{"line":33,"column":null}},"line":9}},"branchMap":{"0":{"loc":{"start":{"line":9,"column":5},"end":{"line":9,"column":26}},"type":"default-arg","locations":[{"start":{"line":9,"column":15},"end":{"line":9,"column":26}}],"line":9},"1":{"loc":{"start":{"line":9,"column":47},"end":{"line":9,"column":63}},"type":"default-arg","locations":[{"start":{"line":9,"column":59},"end":{"line":9,"column":63}}],"line":9},"2":{"loc":{"start":{"line":20,"column":18},"end":{"line":20,"column":null}},"type":"binary-expr","locations":[{"start":{"line":20,"column":18},"end":{"line":20,"column":30}},{"start":{"line":20,"column":30},"end":{"line":20,"column":null}}],"line":20},"3":{"loc":{"start":{"line":23,"column":9},"end":{"line":29,"column":null}},"type":"cond-expr","locations":[{"start":{"line":24,"column":10},"end":{"line":27,"column":null}},{"start":{"line":29,"column":10},"end":{"line":29,"column":null}}],"line":23}},"s":{"0":3,"1":25,"2":25,"3":25,"4":3},"f":{"0":25},"b":{"0":[25],"1":[25],"2":[25,25],"3":[3,22]},"meta":{"lastBranch":4,"lastFunction":1,"lastStatement":5,"seen":{"s:8:22:34:Infinity":0,"f:9:2:9:3":0,"b:9:15:9:26":0,"b:9:59:9:63":1,"s:10:24:10:Infinity":1,"s:11:27:15:Infinity":2,"s:17:4:31:Infinity":3,"b:20:18:20:30:20:30:20:Infinity":2,"b:24:10:27:Infinity:29:10:29:Infinity":3,"s:36:0:36:Infinity":4}}}
,"C:\\Users\\admin\\OneDrive\\Desktop\\Front-end_final\\src\\components\\common\\ErrorMessage.tsx": {"path":"C:\\Users\\admin\\OneDrive\\Desktop\\Front-end_final\\src\\components\\common\\ErrorMessage.tsx","statementMap":{"0":{"start":{"line":8,"column":28},"end":{"line":28,"column":null}},"1":{"start":{"line":10,"column":4},"end":{"line":25,"column":null}},"2":{"start":{"line":30,"column":0},"end":{"line":30,"column":null}}},"fnMap":{"0":{"name":"(anonymous_0)","decl":{"start":{"line":9,"column":2},"end":{"line":9,"column":3}},"loc":{"start":{"line":9,"column":28},"end":{"line":27,"column":null}},"line":9}},"branchMap":{"0":{"loc":{"start":{"line":17,"column":9},"end":{"line":23,"column":null}},"type":"binary-expr","locations":[{"start":{"line":17,"column":9},"end":{"line":17,"column":null}},{"start":{"line":18,"column":10},"end":{"line":23,"column":null}}],"line":17}},"s":{"0":0,"1":0,"2":0},"f":{"0":0},"b":{"0":[0,0]},"meta":{"lastBranch":1,"lastFunction":1,"lastStatement":3,"seen":{"s:8:28:28:Infinity":0,"f:9:2:9:3":0,"s:10:4:25:Infinity":1,"b:17:9:17:Infinity:18:10:23:Infinity":0,"s:30:0:30:Infinity":2}}}
,"C:\\Users\\admin\\OneDrive\\Desktop\\Front-end_final\\src\\components\\common\\Input.tsx": {"path":"C:\\Users\\admin\\OneDrive\\Desktop\\Front-end_final\\src\\components\\common\\Input.tsx","statementMap":{"0":{"start":{"line":10,"column":21},"end":{"line":45,"column":null}},"1":{"start":{"line":12,"column":20},"end":{"line":12,"column":null}},"2":{"start":{"line":13,"column":22},"end":{"line":13,"column":null}},"3":{"start":{"line":15,"column":4},"end":{"line":42,"column":null}},"4":{"start":{"line":47,"column":0},"end":{"line":47,"column":null}}},"fnMap":{"0":{"name":"(anonymous_0)","decl":{"start":{"line":11,"column":2},"end":{"line":11,"column":3}},"loc":{"start":{"line":11,"column":73},"end":{"line":44,"column":null}},"line":11}},"branchMap":{"0":{"loc":{"start":{"line":11,"column":42},"end":{"line":11,"column":58}},"type":"default-arg","locations":[{"start":{"line":11,"column":54},"end":{"line":11,"column":58}}],"line":11},"1":{"loc":{"start":{"line":12,"column":20},"end":{"line":12,"column":null}},"type":"binary-expr","locations":[{"start":{"line":12,"column":20},"end":{"line":12,"column":26}},{"start":{"line":12,"column":26},"end":{"line":12,"column":null}}],"line":12},"2":{"loc":{"start":{"line":13,"column":22},"end":{"line":13,"column":null}},"type":"binary-expr","locations":[{"start":{"line":13,"column":22},"end":{"line":13,"column":33}},{"start":{"line":13,"column":33},"end":{"line":13,"column":null}}],"line":13},"3":{"loc":{"start":{"line":26,"column":12},"end":{"line":28,"column":null}},"type":"cond-expr","locations":[{"start":{"line":27,"column":16},"end":{"line":27,"column":null}},{"start":{"line":28,"column":16},"end":{"line":28,"column":null}}],"line":26},"4":{"loc":{"start":{"line":30,"column":24},"end":{"line":30,"column":null}},"type":"cond-expr","locations":[{"start":{"line":30,"column":36},"end":{"line":30,"column":45}},{"start":{"line":30,"column":45},"end":{"line":30,"column":null}}],"line":30},"5":{"loc":{"start":{"line":31,"column":28},"end":{"line":31,"column":null}},"type":"cond-expr","locations":[{"start":{"line":31,"column":40},"end":{"line":31,"column":61}},{"start":{"line":31,"column":61},"end":{"line":31,"column":null}}],"line":31},"6":{"loc":{"start":{"line":34,"column":9},"end":{"line":37,"column":null}},"type":"binary-expr","locations":[{"start":{"line":34,"column":9},"end":{"line":34,"column":null}},{"start":{"line":35,"column":10},"end":{"line":37,"column":null}}],"line":34},"7":{"loc":{"start":{"line":39,"column":9},"end":{"line":40,"column":null}},"type":"binary-expr","locations":[{"start":{"line":39,"column":9},"end":{"line":39,"column":21}},{"start":{"line":39,"column":21},"end":{"line":39,"column":null}},{"start":{"line":40,"column":10},"end":{"line":40,"column":null}}],"line":39}},"s":{"0":3,"1":75,"2":75,"3":75,"4":3},"f":{"0":75},"b":{"0":[75],"1":[75,75],"2":[75,2],"3":[2,73],"4":[2,73],"5":[2,73],"6":[75,2],"7":[75,4,3]},"meta":{"lastBranch":8,"lastFunction":1,"lastStatement":5,"seen":{"s:10:21:45:Infinity":0,"f:11:2:11:3":0,"b:11:54:11:58":0,"s:12:20:12:Infinity":1,"b:12:20:12:26:12:26:12:Infinity":1,"s:13:22:13:Infinity":2,"b:13:22:13:33:13:33:13:Infinity":2,"s:15:4:42:Infinity":3,"b:27:16:27:Infinity:28:16:28:Infinity":3,"b:30:36:30:45:30:45:30:Infinity":4,"b:31:40:31:61:31:61:31:Infinity":5,"b:34:9:34:Infinity:35:10:37:Infinity":6,"b:39:9:39:21:39:21:39:Infinity:40:10:40:Infinity":7,"s:47:0:47:Infinity":4}}}
,"C:\\Users\\admin\\OneDrive\\Desktop\\Front-end_final\\src\\components\\common\\LoadingSpinner.tsx": {"path":"C:\\Users\\admin\\OneDrive\\Desktop\\Front-end_final\\src\\components\\common\\LoadingSpinner.tsx","statementMap":{"0":{"start":{"line":8,"column":30},"end":{"line":28,"column":null}},"1":{"start":{"line":10,"column":24},"end":{"line":14,"column":null}},"2":{"start":{"line":16,"column":4},"end":{"line":25,"column":null}},"3":{"start":{"line":30,"column":0},"end":{"line":30,"column":null}}},"fnMap":{"0":{"name":"(anonymous_0)","decl":{"start":{"line":9,"column":2},"end":{"line":9,"column":3}},"loc":{"start":{"line":9,"column":32},"end":{"line":27,"column":null}},"line":9}},"branchMap":{"0":{"loc":{"start":{"line":9,"column":5},"end":{"line":9,"column":18}},"type":"default-arg","locations":[{"start":{"line":9,"column":12},"end":{"line":9,"column":18}}],"line":9},"1":{"loc":{"start":{"line":21,"column":9},"end":{"line":22,"column":null}},"type":"binary-expr","locations":[{"start":{"line":21,"column":9},"end":{"line":21,"column":null}},{"start":{"line":22,"column":10},"end":{"line":22,"column":null}}],"line":21}},"s":{"0":0,"1":0,"2":0,"3":0},"f":{"0":0},"b":{"0":[0],"1":[0,0]},"meta":{"lastBranch":2,"lastFunction":1,"lastStatement":4,"seen":{"s:8:30:28:Infinity":0,"f:9:2:9:3":0,"b:9:12:9:18":0,"s:10:24:14:Infinity":1,"s:16:4:25:Infinity":2,"b:21:9:21:Infinity:22:10:22:Infinity":1,"s:30:0:30:Infinity":3}}}
,"C:\\Users\\admin\\OneDrive\\Desktop\\Front-end_final\\src\\components\\common\\PrivateRoute.tsx": {"path":"C:\\Users\\admin\\OneDrive\\Desktop\\Front-end_final\\src\\components\\common\\PrivateRoute.tsx","statementMap":{"0":{"start":{"line":9,"column":57},"end":{"line":18,"column":null}},"1":{"start":{"line":10,"column":8},"end":{"line":10,"column":null}},"2":{"start":{"line":10,"column":52},"end":{"line":10,"column":78}},"3":{"start":{"line":11,"column":8},"end":{"line":11,"column":null}},"4":{"start":{"line":13,"column":2},"end":{"line":15,"column":null}},"5":{"start":{"line":14,"column":4},"end":{"line":14,"column":null}},"6":{"start":{"line":17,"column":2},"end":{"line":17,"column":null}}},"fnMap":{"0":{"name":"(anonymous_0)","decl":{"start":{"line":9,"column":57},"end":{"line":9,"column":58}},"loc":{"start":{"line":9,"column":75},"end":{"line":18,"column":null}},"line":9},"1":{"name":"(anonymous_1)","decl":{"start":{"line":10,"column":41},"end":{"line":10,"column":42}},"loc":{"start":{"line":10,"column":52},"end":{"line":10,"column":78}},"line":10}},"branchMap":{"0":{"loc":{"start":{"line":13,"column":2},"end":{"line":15,"column":null}},"type":"if","locations":[{"start":{"line":13,"column":2},"end":{"line":15,"column":null}},{"start":{},"end":{}}],"line":13}},"s":{"0":1,"1":2,"2":4,"3":2,"4":2,"5":1,"6":1},"f":{"0":2,"1":4},"b":{"0":[1,1]},"meta":{"lastBranch":1,"lastFunction":2,"lastStatement":7,"seen":{"s:9:57:18:Infinity":0,"f:9:57:9:58":0,"s:10:8:10:Infinity":1,"f:10:41:10:42":1,"s:10:52:10:78":2,"s:11:8:11:Infinity":3,"b:13:2:15:Infinity:undefined:undefined:undefined:undefined":0,"s:13:2:15:Infinity":4,"s:14:4:14:Infinity":5,"s:17:2:17:Infinity":6}}}
,"C:\\Users\\admin\\OneDrive\\Desktop\\Front-end_final\\src\\components\\common\\SearchBar.tsx": {"path":"C:\\Users\\admin\\OneDrive\\Desktop\\Front-end_final\\src\\components\\common\\SearchBar.tsx","statementMap":{"0":{"start":{"line":11,"column":25},"end":{"line":64,"column":null}},"1":{"start":{"line":13,"column":36},"end":{"line":13,"column":null}},"2":{"start":{"line":14,"column":10},"end":{"line":14,"column":null}},"3":{"start":{"line":16,"column":4},"end":{"line":18,"column":null}},"4":{"start":{"line":17,"column":6},"end":{"line":17,"column":null}},"5":{"start":{"line":20,"column":4},"end":{"line":22,"column":null}},"6":{"start":{"line":21,"column":6},"end":{"line":21,"column":null}},"7":{"start":{"line":24,"column":10},"end":{"line":29,"column":null}},"8":{"start":{"line":26,"column":8},"end":{"line":26,"column":null}},"9":{"start":{"line":31,"column":10},"end":{"line":33,"column":null}},"10":{"start":{"line":32,"column":6},"end":{"line":32,"column":null}},"11":{"start":{"line":35,"column":4},"end":{"line":61,"column":null}},"12":{"start":{"line":66,"column":0},"end":{"line":66,"column":null}}},"fnMap":{"0":{"name":"(anonymous_0)","decl":{"start":{"line":12,"column":2},"end":{"line":12,"column":3}},"loc":{"start":{"line":12,"column":63},"end":{"line":63,"column":null}},"line":12},"1":{"name":"(anonymous_1)","decl":{"start":{"line":16,"column":14},"end":{"line":16,"column":20}},"loc":{"start":{"line":16,"column":20},"end":{"line":18,"column":7}},"line":16},"2":{"name":"(anonymous_2)","decl":{"start":{"line":20,"column":14},"end":{"line":20,"column":20}},"loc":{"start":{"line":20,"column":20},"end":{"line":22,"column":7}},"line":20},"3":{"name":"(anonymous_3)","decl":{"start":{"line":25,"column":6},"end":{"line":25,"column":7}},"loc":{"start":{"line":25,"column":50},"end":{"line":27,"column":null}},"line":25},"4":{"name":"(anonymous_4)","decl":{"start":{"line":31,"column":36},"end":{"line":31,"column":42}},"loc":{"start":{"line":31,"column":42},"end":{"line":33,"column":7}},"line":31}},"branchMap":{"0":{"loc":{"start":{"line":12,"column":22},"end":{"line":12,"column":57}},"type":"default-arg","locations":[{"start":{"line":12,"column":36},"end":{"line":12,"column":57}}],"line":12},"1":{"loc":{"start":{"line":50,"column":9},"end":{"line":59,"column":null}},"type":"binary-expr","locations":[{"start":{"line":50,"column":9},"end":{"line":50,"column":null}},{"start":{"line":51,"column":10},"end":{"line":59,"column":null}}],"line":50}},"s":{"0":1,"1":12,"2":12,"3":12,"4":8,"5":12,"6":7,"7":12,"8":1,"9":12,"10":1,"11":12,"12":1},"f":{"0":12,"1":8,"2":7,"3":1,"4":1},"b":{"0":[12],"1":[12,6]},"meta":{"lastBranch":2,"lastFunction":5,"lastStatement":13,"seen":{"s:11:25:64:Infinity":0,"f:12:2:12:3":0,"b:12:36:12:57":0,"s:13:36:13:Infinity":1,"s:14:10:14:Infinity":2,"s:16:4:18:Infinity":3,"f:16:14:16:20":1,"s:17:6:17:Infinity":4,"s:20:4:22:Infinity":5,"f:20:14:20:20":2,"s:21:6:21:Infinity":6,"s:24:10:29:Infinity":7,"f:25:6:25:7":3,"s:26:8:26:Infinity":8,"s:31:10:33:Infinity":9,"f:31:36:31:42":4,"s:32:6:32:Infinity":10,"s:35:4:61:Infinity":11,"b:50:9:50:Infinity:51:10:59:Infinity":1,"s:66:0:66:Infinity":12}}}
,"C:\\Users\\admin\\OneDrive\\Desktop\\Front-end_final\\src\\components\\layout\\Footer.tsx": {"path":"C:\\Users\\admin\\OneDrive\\Desktop\\Front-end_final\\src\\components\\layout\\Footer.tsx","statementMap":{"0":{"start":{"line":3,"column":22},"end":{"line":20,"column":null}},"1":{"start":{"line":4,"column":2},"end":{"line":18,"column":null}},"2":{"start":{"line":22,"column":0},"end":{"line":22,"column":null}}},"fnMap":{"0":{"name":"(anonymous_0)","decl":{"start":{"line":3,"column":33},"end":{"line":3,"column":39}},"loc":{"start":{"line":3,"column":39},"end":{"line":20,"column":1}},"line":3}},"branchMap":{},"s":{"0":0,"1":0,"2":0},"f":{"0":0},"b":{},"meta":{"lastBranch":0,"lastFunction":1,"lastStatement":3,"seen":{"s:3:22:20:Infinity":0,"f:3:33:3:39":0,"s:4:2:18:Infinity":1,"s:22:0:22:Infinity":2}}}
,"C:\\Users\\admin\\OneDrive\\Desktop\\Front-end_final\\src\\components\\layout\\Header.tsx": {"path":"C:\\Users\\admin\\OneDrive\\Desktop\\Front-end_final\\src\\components\\layout\\Header.tsx","statementMap":{"0":{"start":{"line":10,"column":22},"end":{"line":81,"column":null}},"1":{"start":{"line":12,"column":10},"end":{"line":12,"column":null}},"2":{"start":{"line":14,"column":4},"end":{"line":78,"column":null}},"3":{"start":{"line":43,"column":35},"end":{"line":43,"column":null}},"4":{"start":{"line":83,"column":0},"end":{"line":83,"column":null}}},"fnMap":{"0":{"name":"(anonymous_0)","decl":{"start":{"line":11,"column":2},"end":{"line":11,"column":3}},"loc":{"start":{"line":11,"column":47},"end":{"line":80,"column":null}},"line":11},"1":{"name":"(anonymous_1)","decl":{"start":{"line":43,"column":29},"end":{"line":43,"column":35}},"loc":{"start":{"line":43,"column":35},"end":{"line":43,"column":null}},"line":43}},"branchMap":{"0":{"loc":{"start":{"line":29,"column":17},"end":{"line":35,"column":null}},"type":"binary-expr","locations":[{"start":{"line":29,"column":17},"end":{"line":29,"column":null}},{"start":{"line":30,"column":18},"end":{"line":35,"column":null}}],"line":29},"1":{"loc":{"start":{"line":40,"column":15},"end":{"line":73,"column":null}},"type":"cond-expr","locations":[{"start":{"line":41,"column":16},"end":{"line":58,"column":null}},{"start":{"line":60,"column":16},"end":{"line":73,"column":null}}],"line":40}},"s":{"0":0,"1":0,"2":0,"3":0,"4":0},"f":{"0":0,"1":0},"b":{"0":[0,0],"1":[0,0]},"meta":{"lastBranch":2,"lastFunction":2,"lastStatement":5,"seen":{"s:10:22:81:Infinity":0,"f:11:2:11:3":0,"s:12:10:12:Infinity":1,"s:14:4:78:Infinity":2,"b:29:17:29:Infinity:30:18:35:Infinity":0,"b:41:16:58:Infinity:60:16:73:Infinity":1,"f:43:29:43:35":1,"s:43:35:43:Infinity":3,"s:83:0:83:Infinity":4}}}
,"C:\\Users\\admin\\OneDrive\\Desktop\\Front-end_final\\src\\components\\layout\\Layout.tsx": {"path":"C:\\Users\\admin\\OneDrive\\Desktop\\Front-end_final\\src\\components\\layout\\Layout.tsx","statementMap":{"0":{"start":{"line":11,"column":32},"end":{"line":40,"column":null}},"1":{"start":{"line":12,"column":8},"end":{"line":12,"column":null}},"2":{"start":{"line":13,"column":53},"end":{"line":13,"column":null}},"3":{"start":{"line":15,"column":2},"end":{"line":18,"column":null}},"4":{"start":{"line":16,"column":4},"end":{"line":16,"column":null}},"5":{"start":{"line":17,"column":4},"end":{"line":17,"column":null}},"6":{"start":{"line":20,"column":2},"end":{"line":25,"column":null}},"7":{"start":{"line":21,"column":4},"end":{"line":24,"column":null}},"8":{"start":{"line":22,"column":6},"end":{"line":22,"column":null}},"9":{"start":{"line":23,"column":6},"end":{"line":23,"column":null}},"10":{"start":{"line":27,"column":2},"end":{"line":38,"column":null}}},"fnMap":{"0":{"name":"(anonymous_0)","decl":{"start":{"line":11,"column":32},"end":{"line":11,"column":38}},"loc":{"start":{"line":11,"column":38},"end":{"line":40,"column":null}},"line":11},"1":{"name":"(anonymous_1)","decl":{"start":{"line":15,"column":12},"end":{"line":15,"column":18}},"loc":{"start":{"line":15,"column":18},"end":{"line":18,"column":5}},"line":15},"2":{"name":"(anonymous_2)","decl":{"start":{"line":20,"column":12},"end":{"line":20,"column":18}},"loc":{"start":{"line":20,"column":18},"end":{"line":25,"column":5}},"line":20}},"branchMap":{"0":{"loc":{"start":{"line":21,"column":4},"end":{"line":24,"column":null}},"type":"if","locations":[{"start":{"line":21,"column":4},"end":{"line":24,"column":null}},{"start":{},"end":{}}],"line":21}},"s":{"0":0,"1":0,"2":0,"3":0,"4":0,"5":0,"6":0,"7":0,"8":0,"9":0,"10":0},"f":{"0":0,"1":0,"2":0},"b":{"0":[0,0]},"meta":{"lastBranch":1,"lastFunction":3,"lastStatement":11,"seen":{"s:11:32:40:Infinity":0,"f:11:32:11:38":0,"s:12:8:12:Infinity":1,"s:13:53:13:Infinity":2,"s:15:2:18:Infinity":3,"f:15:12:15:18":1,"s:16:4:16:Infinity":4,"s:17:4:17:Infinity":5,"s:20:2:25:Infinity":6,"f:20:12:20:18":2,"b:21:4:24:Infinity:undefined:undefined:undefined:undefined":0,"s:21:4:24:Infinity":7,"s:22:6:22:Infinity":8,"s:23:6:23:Infinity":9,"s:27:2:38:Infinity":10}}}
,"C:\\Users\\admin\\OneDrive\\Desktop\\Front-end_final\\src\\components\\layout\\Sidebar.tsx": {"path":"C:\\Users\\admin\\OneDrive\\Desktop\\Front-end_final\\src\\components\\layout\\Sidebar.tsx","statementMap":{"0":{"start":{"line":11,"column":23},"end":{"line":28,"column":null}},"1":{"start":{"line":13,"column":4},"end":{"line":25,"column":null}},"2":{"start":{"line":30,"column":0},"end":{"line":30,"column":null}}},"fnMap":{"0":{"name":"(anonymous_0)","decl":{"start":{"line":12,"column":2},"end":{"line":12,"column":3}},"loc":{"start":{"line":12,"column":56},"end":{"line":27,"column":null}},"line":12}},"branchMap":{},"s":{"0":0,"1":0,"2":0},"f":{"0":0},"b":{},"meta":{"lastBranch":0,"lastFunction":1,"lastStatement":3,"seen":{"s:11:23:28:Infinity":0,"f:12:2:12:3":0,"s:13:4:25:Infinity":1,"s:30:0:30:Infinity":2}}}
,"C:\\Users\\admin\\OneDrive\\Desktop\\Front-end_final\\src\\components\\settings\\SettingsForm.tsx": {"path":"C:\\Users\\admin\\OneDrive\\Desktop\\Front-end_final\\src\\components\\settings\\SettingsForm.tsx","statementMap":{"0":{"start":{"line":29,"column":28},"end":{"line":204,"column":null}},"1":{"start":{"line":42,"column":28},"end":{"line":47,"column":null}},"2":{"start":{"line":43,"column":6},"end":{"line":43,"column":null}},"3":{"start":{"line":43,"column":30},"end":{"line":43,"column":null}},"4":{"start":{"line":44,"column":6},"end":{"line":44,"column":null}},"5":{"start":{"line":44,"column":40},"end":{"line":44,"column":null}},"6":{"start":{"line":45,"column":6},"end":{"line":45,"column":null}},"7":{"start":{"line":45,"column":41},"end":{"line":45,"column":null}},"8":{"start":{"line":46,"column":6},"end":{"line":46,"column":null}},"9":{"start":{"line":49,"column":33},"end":{"line":55,"column":null}},"10":{"start":{"line":50,"column":22},"end":{"line":50,"column":null}},"11":{"start":{"line":51,"column":22},"end":{"line":53,"column":null}},"12":{"start":{"line":52,"column":33},"end":{"line":52,"column":50}},"13":{"start":{"line":54,"column":6},"end":{"line":54,"column":null}},"14":{"start":{"line":57,"column":4},"end":{"line":201,"column":null}},"15":{"start":{"line":68,"column":31},"end":{"line":68,"column":null}},"16":{"start":{"line":69,"column":28},"end":{"line":69,"column":null}},"17":{"start":{"line":83,"column":31},"end":{"line":83,"column":null}},"18":{"start":{"line":84,"column":28},"end":{"line":84,"column":null}},"19":{"start":{"line":92,"column":31},"end":{"line":92,"column":null}},"20":{"start":{"line":93,"column":28},"end":{"line":93,"column":null}},"21":{"start":{"line":106,"column":14},"end":{"line":125,"column":null}},"22":{"start":{"line":117,"column":34},"end":{"line":117,"column":null}},"23":{"start":{"line":141,"column":18},"end":{"line":151,"column":null}},"24":{"start":{"line":147,"column":38},"end":{"line":147,"column":null}},"25":{"start":{"line":163,"column":18},"end":{"line":163,"column":null}},"26":{"start":{"line":168,"column":18},"end":{"line":170,"column":null}},"27":{"start":{"line":181,"column":18},"end":{"line":191,"column":null}},"28":{"start":{"line":187,"column":38},"end":{"line":187,"column":null}},"29":{"start":{"line":206,"column":0},"end":{"line":206,"column":null}}},"fnMap":{"0":{"name":"(anonymous_0)","decl":{"start":{"line":30,"column":2},"end":{"line":30,"column":3}},"loc":{"start":{"line":41,"column":8},"end":{"line":203,"column":null}},"line":41},"1":{"name":"(anonymous_1)","decl":{"start":{"line":42,"column":28},"end":{"line":42,"column":34}},"loc":{"start":{"line":42,"column":34},"end":{"line":47,"column":null}},"line":42},"2":{"name":"(anonymous_2)","decl":{"start":{"line":49,"column":33},"end":{"line":49,"column":34}},"loc":{"start":{"line":49,"column":57},"end":{"line":55,"column":null}},"line":49},"3":{"name":"(anonymous_3)","decl":{"start":{"line":52,"column":25},"end":{"line":52,"column":26}},"loc":{"start":{"line":52,"column":33},"end":{"line":52,"column":50}},"line":52},"4":{"name":"(anonymous_4)","decl":{"start":{"line":68,"column":24},"end":{"line":68,"column":25}},"loc":{"start":{"line":68,"column":31},"end":{"line":68,"column":null}},"line":68},"5":{"name":"(anonymous_5)","decl":{"start":{"line":69,"column":22},"end":{"line":69,"column":28}},"loc":{"start":{"line":69,"column":28},"end":{"line":69,"column":null}},"line":69},"6":{"name":"(anonymous_6)","decl":{"start":{"line":83,"column":24},"end":{"line":83,"column":25}},"loc":{"start":{"line":83,"column":31},"end":{"line":83,"column":null}},"line":83},"7":{"name":"(anonymous_7)","decl":{"start":{"line":84,"column":22},"end":{"line":84,"column":28}},"loc":{"start":{"line":84,"column":28},"end":{"line":84,"column":null}},"line":84},"8":{"name":"(anonymous_8)","decl":{"start":{"line":92,"column":24},"end":{"line":92,"column":25}},"loc":{"start":{"line":92,"column":31},"end":{"line":92,"column":null}},"line":92},"9":{"name":"(anonymous_9)","decl":{"start":{"line":93,"column":22},"end":{"line":93,"column":28}},"loc":{"start":{"line":93,"column":28},"end":{"line":93,"column":null}},"line":93},"10":{"name":"(anonymous_10)","decl":{"start":{"line":105,"column":28},"end":{"line":105,"column":29}},"loc":{"start":{"line":106,"column":14},"end":{"line":125,"column":null}},"line":106},"11":{"name":"(anonymous_11)","decl":{"start":{"line":117,"column":28},"end":{"line":117,"column":34}},"loc":{"start":{"line":117,"column":34},"end":{"line":117,"column":null}},"line":117},"12":{"name":"(anonymous_12)","decl":{"start":{"line":140,"column":49},"end":{"line":140,"column":50}},"loc":{"start":{"line":141,"column":18},"end":{"line":151,"column":null}},"line":141},"13":{"name":"(anonymous_13)","decl":{"start":{"line":147,"column":32},"end":{"line":147,"column":38}},"loc":{"start":{"line":147,"column":38},"end":{"line":147,"column":null}},"line":147},"14":{"name":"(anonymous_14)","decl":{"start":{"line":162,"column":26},"end":{"line":162,"column":27}},"loc":{"start":{"line":163,"column":18},"end":{"line":163,"column":null}},"line":163},"15":{"name":"(anonymous_15)","decl":{"start":{"line":167,"column":41},"end":{"line":167,"column":42}},"loc":{"start":{"line":168,"column":18},"end":{"line":170,"column":null}},"line":168},"16":{"name":"(anonymous_16)","decl":{"start":{"line":180,"column":50},"end":{"line":180,"column":51}},"loc":{"start":{"line":181,"column":18},"end":{"line":191,"column":null}},"line":181},"17":{"name":"(anonymous_17)","decl":{"start":{"line":187,"column":32},"end":{"line":187,"column":38}},"loc":{"start":{"line":187,"column":38},"end":{"line":187,"column":null}},"line":187}},"branchMap":{"0":{"loc":{"start":{"line":43,"column":6},"end":{"line":43,"column":null}},"type":"if","locations":[{"start":{"line":43,"column":6},"end":{"line":43,"column":null}},{"start":{},"end":{}}],"line":43},"1":{"loc":{"start":{"line":44,"column":6},"end":{"line":44,"column":null}},"type":"if","locations":[{"start":{"line":44,"column":6},"end":{"line":44,"column":null}},{"start":{},"end":{}}],"line":44},"2":{"loc":{"start":{"line":45,"column":6},"end":{"line":45,"column":null}},"type":"if","locations":[{"start":{"line":45,"column":6},"end":{"line":45,"column":null}},{"start":{},"end":{}}],"line":45},"3":{"loc":{"start":{"line":51,"column":22},"end":{"line":53,"column":null}},"type":"cond-expr","locations":[{"start":{"line":52,"column":10},"end":{"line":52,"column":null}},{"start":{"line":53,"column":10},"end":{"line":53,"column":null}}],"line":51},"4":{"loc":{"start":{"line":71,"column":16},"end":{"line":74,"column":null}},"type":"binary-expr","locations":[{"start":{"line":71,"column":16},"end":{"line":71,"column":null}},{"start":{"line":72,"column":17},"end":{"line":74,"column":null}}],"line":71},"5":{"loc":{"start":{"line":72,"column":17},"end":{"line":74,"column":null}},"type":"cond-expr","locations":[{"start":{"line":73,"column":20},"end":{"line":73,"column":null}},{"start":{"line":74,"column":20},"end":{"line":74,"column":null}}],"line":72},"6":{"loc":{"start":{"line":109,"column":18},"end":{"line":111,"column":null}},"type":"cond-expr","locations":[{"start":{"line":110,"column":22},"end":{"line":110,"column":null}},{"start":{"line":111,"column":22},"end":{"line":111,"column":null}}],"line":109}},"s":{"0":1,"1":9,"2":9,"3":1,"4":8,"5":0,"6":8,"7":0,"8":8,"9":9,"10":1,"11":1,"12":0,"13":1,"14":9,"15":0,"16":0,"17":0,"18":0,"19":0,"20":0,"21":18,"22":1,"23":18,"24":1,"25":0,"26":45,"27":18,"28":1,"29":1},"f":{"0":9,"1":9,"2":1,"3":0,"4":0,"5":0,"6":0,"7":0,"8":0,"9":0,"10":18,"11":1,"12":18,"13":1,"14":0,"15":45,"16":18,"17":1},"b":{"0":[1,8],"1":[0,8],"2":[0,8],"3":[0,1],"4":[9,9],"5":[0,9],"6":[9,9]},"meta":{"lastBranch":7,"lastFunction":18,"lastStatement":30,"seen":{"s:29:28:204:Infinity":0,"f:30:2:30:3":0,"s:42:28:47:Infinity":1,"f:42:28:42:34":1,"b:43:6:43:Infinity:undefined:undefined:undefined:undefined":0,"s:43:6:43:Infinity":2,"s:43:30:43:Infinity":3,"b:44:6:44:Infinity:undefined:undefined:undefined:undefined":1,"s:44:6:44:Infinity":4,"s:44:40:44:Infinity":5,"b:45:6:45:Infinity:undefined:undefined:undefined:undefined":2,"s:45:6:45:Infinity":6,"s:45:41:45:Infinity":7,"s:46:6:46:Infinity":8,"s:49:33:55:Infinity":9,"f:49:33:49:34":2,"s:50:22:50:Infinity":10,"s:51:22:53:Infinity":11,"b:52:10:52:Infinity:53:10:53:Infinity":3,"f:52:25:52:26":3,"s:52:33:52:50":12,"s:54:6:54:Infinity":13,"s:57:4:201:Infinity":14,"f:68:24:68:25":4,"s:68:31:68:Infinity":15,"f:69:22:69:28":5,"s:69:28:69:Infinity":16,"b:71:16:71:Infinity:72:17:74:Infinity":4,"b:73:20:73:Infinity:74:20:74:Infinity":5,"f:83:24:83:25":6,"s:83:31:83:Infinity":17,"f:84:22:84:28":7,"s:84:28:84:Infinity":18,"f:92:24:92:25":8,"s:92:31:92:Infinity":19,"f:93:22:93:28":9,"s:93:28:93:Infinity":20,"f:105:28:105:29":10,"s:106:14:125:Infinity":21,"b:110:22:110:Infinity:111:22:111:Infinity":6,"f:117:28:117:34":11,"s:117:34:117:Infinity":22,"f:140:49:140:50":12,"s:141:18:151:Infinity":23,"f:147:32:147:38":13,"s:147:38:147:Infinity":24,"f:162:26:162:27":14,"s:163:18:163:Infinity":25,"f:167:41:167:42":15,"s:168:18:170:Infinity":26,"f:180:50:180:51":16,"s:181:18:191:Infinity":27,"f:187:32:187:38":17,"s:187:38:187:Infinity":28,"s:206:0:206:Infinity":29}}}
,"C:\\Users\\admin\\OneDrive\\Desktop\\Front-end_final\\src\\containers\\ArticleDetailContainer.tsx": {"path":"C:\\Users\\admin\\OneDrive\\Desktop\\Front-end_final\\src\\containers\\ArticleDetailContainer.tsx","statementMap":{"0":{"start":{"line":13,"column":48},"end":{"line":75,"column":null}},"1":{"start":{"line":14,"column":13},"end":{"line":14,"column":null}},"2":{"start":{"line":15,"column":8},"end":{"line":15,"column":null}},"3":{"start":{"line":16,"column":8},"end":{"line":16,"column":null}},"4":{"start":{"line":18,"column":8},"end":{"line":18,"column":null}},"5":{"start":{"line":18,"column":44},"end":{"line":18,"column":73}},"6":{"start":{"line":19,"column":8},"end":{"line":19,"column":null}},"7":{"start":{"line":19,"column":44},"end":{"line":19,"column":66}},"8":{"start":{"line":20,"column":8},"end":{"line":20,"column":null}},"9":{"start":{"line":20,"column":42},"end":{"line":20,"column":62}},"10":{"start":{"line":21,"column":8},"end":{"line":21,"column":null}},"11":{"start":{"line":21,"column":46},"end":{"line":21,"column":67}},"12":{"start":{"line":22,"column":8},"end":{"line":22,"column":null}},"13":{"start":{"line":22,"column":47},"end":{"line":22,"column":69}},"14":{"start":{"line":23,"column":8},"end":{"line":23,"column":null}},"15":{"start":{"line":23,"column":52},"end":{"line":23,"column":78}},"16":{"start":{"line":25,"column":2},"end":{"line":32,"column":null}},"17":{"start":{"line":26,"column":4},"end":{"line":28,"column":null}},"18":{"start":{"line":27,"column":6},"end":{"line":27,"column":null}},"19":{"start":{"line":29,"column":4},"end":{"line":31,"column":null}},"20":{"start":{"line":30,"column":6},"end":{"line":30,"column":null}},"21":{"start":{"line":34,"column":8},"end":{"line":37,"column":null}},"22":{"start":{"line":35,"column":10},"end":{"line":35,"column":null}},"23":{"start":{"line":35,"column":32},"end":{"line":35,"column":50}},"24":{"start":{"line":39,"column":8},"end":{"line":42,"column":null}},"25":{"start":{"line":40,"column":10},"end":{"line":40,"column":null}},"26":{"start":{"line":40,"column":33},"end":{"line":40,"column":61}},"27":{"start":{"line":44,"column":8},"end":{"line":56,"column":null}},"28":{"start":{"line":45,"column":4},"end":{"line":48,"column":null}},"29":{"start":{"line":46,"column":6},"end":{"line":46,"column":null}},"30":{"start":{"line":47,"column":6},"end":{"line":47,"column":null}},"31":{"start":{"line":49,"column":4},"end":{"line":49,"column":null}},"32":{"start":{"line":49,"column":13},"end":{"line":49,"column":null}},"33":{"start":{"line":50,"column":21},"end":{"line":50,"column":null}},"34":{"start":{"line":50,"column":43},"end":{"line":50,"column":61}},"35":{"start":{"line":51,"column":4},"end":{"line":55,"column":null}},"36":{"start":{"line":52,"column":6},"end":{"line":52,"column":null}},"37":{"start":{"line":54,"column":6},"end":{"line":54,"column":null}},"38":{"start":{"line":58,"column":8},"end":{"line":60,"column":null}},"39":{"start":{"line":59,"column":4},"end":{"line":59,"column":null}},"40":{"start":{"line":62,"column":2},"end":{"line":62,"column":null}},"41":{"start":{"line":62,"column":15},"end":{"line":62,"column":null}},"42":{"start":{"line":63,"column":2},"end":{"line":63,"column":null}},"43":{"start":{"line":63,"column":13},"end":{"line":63,"column":null}},"44":{"start":{"line":64,"column":2},"end":{"line":64,"column":null}},"45":{"start":{"line":64,"column":16},"end":{"line":64,"column":null}},"46":{"start":{"line":66,"column":2},"end":{"line":73,"column":null}}},"fnMap":{"0":{"name":"(anonymous_0)","decl":{"start":{"line":13,"column":48},"end":{"line":13,"column":54}},"loc":{"start":{"line":13,"column":54},"end":{"line":75,"column":null}},"line":13},"1":{"name":"(anonymous_1)","decl":{"start":{"line":18,"column":33},"end":{"line":18,"column":34}},"loc":{"start":{"line":18,"column":44},"end":{"line":18,"column":73}},"line":18},"2":{"name":"(anonymous_2)","decl":{"start":{"line":19,"column":33},"end":{"line":19,"column":34}},"loc":{"start":{"line":19,"column":44},"end":{"line":19,"column":66}},"line":19},"3":{"name":"(anonymous_3)","decl":{"start":{"line":20,"column":31},"end":{"line":20,"column":32}},"loc":{"start":{"line":20,"column":42},"end":{"line":20,"column":62}},"line":20},"4":{"name":"(anonymous_4)","decl":{"start":{"line":21,"column":35},"end":{"line":21,"column":36}},"loc":{"start":{"line":21,"column":46},"end":{"line":21,"column":67}},"line":21},"5":{"name":"(anonymous_5)","decl":{"start":{"line":22,"column":36},"end":{"line":22,"column":37}},"loc":{"start":{"line":22,"column":47},"end":{"line":22,"column":69}},"line":22},"6":{"name":"(anonymous_6)","decl":{"start":{"line":23,"column":41},"end":{"line":23,"column":42}},"loc":{"start":{"line":23,"column":52},"end":{"line":23,"column":78}},"line":23},"7":{"name":"(anonymous_7)","decl":{"start":{"line":25,"column":12},"end":{"line":25,"column":18}},"loc":{"start":{"line":25,"column":18},"end":{"line":32,"column":5}},"line":25},"8":{"name":"(anonymous_8)","decl":{"start":{"line":29,"column":11},"end":{"line":29,"column":17}},"loc":{"start":{"line":29,"column":17},"end":{"line":31,"column":null}},"line":29},"9":{"name":"(anonymous_9)","decl":{"start":{"line":35,"column":4},"end":{"line":35,"column":10}},"loc":{"start":{"line":35,"column":10},"end":{"line":35,"column":null}},"line":35},"10":{"name":"(anonymous_10)","decl":{"start":{"line":35,"column":25},"end":{"line":35,"column":26}},"loc":{"start":{"line":35,"column":32},"end":{"line":35,"column":50}},"line":35},"11":{"name":"(anonymous_11)","decl":{"start":{"line":40,"column":4},"end":{"line":40,"column":10}},"loc":{"start":{"line":40,"column":10},"end":{"line":40,"column":null}},"line":40},"12":{"name":"(anonymous_12)","decl":{"start":{"line":40,"column":26},"end":{"line":40,"column":27}},"loc":{"start":{"line":40,"column":33},"end":{"line":40,"column":61}},"line":40},"13":{"name":"(anonymous_13)","decl":{"start":{"line":44,"column":43},"end":{"line":44,"column":49}},"loc":{"start":{"line":44,"column":49},"end":{"line":56,"column":5}},"line":44},"14":{"name":"(anonymous_14)","decl":{"start":{"line":50,"column":36},"end":{"line":50,"column":37}},"loc":{"start":{"line":50,"column":43},"end":{"line":50,"column":61}},"line":50},"15":{"name":"(anonymous_15)","decl":{"start":{"line":58,"column":33},"end":{"line":58,"column":39}},"loc":{"start":{"line":58,"column":39},"end":{"line":60,"column":5}},"line":58}},"branchMap":{"0":{"loc":{"start":{"line":26,"column":4},"end":{"line":28,"column":null}},"type":"if","locations":[{"start":{"line":26,"column":4},"end":{"line":28,"column":null}},{"start":{},"end":{}}],"line":26},"1":{"loc":{"start":{"line":45,"column":4},"end":{"line":48,"column":null}},"type":"if","locations":[{"start":{"line":45,"column":4},"end":{"line":48,"column":null}},{"start":{},"end":{}}],"line":45},"2":{"loc":{"start":{"line":49,"column":4},"end":{"line":49,"column":null}},"type":"if","locations":[{"start":{"line":49,"column":4},"end":{"line":49,"column":null}},{"start":{},"end":{}}],"line":49},"3":{"loc":{"start":{"line":51,"column":4},"end":{"line":55,"column":null}},"type":"if","locations":[{"start":{"line":51,"column":4},"end":{"line":55,"column":null}},{"start":{"line":53,"column":11},"end":{"line":55,"column":null}}],"line":51},"4":{"loc":{"start":{"line":62,"column":2},"end":{"line":62,"column":null}},"type":"if","locations":[{"start":{"line":62,"column":2},"end":{"line":62,"column":null}},{"start":{},"end":{}}],"line":62},"5":{"loc":{"start":{"line":63,"column":2},"end":{"line":63,"column":null}},"type":"if","locations":[{"start":{"line":63,"column":2},"end":{"line":63,"column":null}},{"start":{},"end":{}}],"line":63},"6":{"loc":{"start":{"line":64,"column":2},"end":{"line":64,"column":null}},"type":"if","locations":[{"start":{"line":64,"column":2},"end":{"line":64,"column":null}},{"start":{},"end":{}}],"line":64}},"s":{"0":0,"1":0,"2":0,"3":0,"4":0,"5":0,"6":0,"7":0,"8":0,"9":0,"10":0,"11":0,"12":0,"13":0,"14":0,"15":0,"16":0,"17":0,"18":0,"19":0,"20":0,"21":0,"22":0,"23":0,"24":0,"25":0,"26":0,"27":0,"28":0,"29":0,"30":0,"31":0,"32":0,"33":0,"34":0,"35":0,"36":0,"37":0,"38":0,"39":0,"40":0,"41":0,"42":0,"43":0,"44":0,"45":0,"46":0},"f":{"0":0,"1":0,"2":0,"3":0,"4":0,"5":0,"6":0,"7":0,"8":0,"9":0,"10":0,"11":0,"12":0,"13":0,"14":0,"15":0},"b":{"0":[0,0],"1":[0,0],"2":[0,0],"3":[0,0],"4":[0,0],"5":[0,0],"6":[0,0]},"meta":{"lastBranch":7,"lastFunction":16,"lastStatement":47,"seen":{"s:13:48:75:Infinity":0,"f:13:48:13:54":0,"s:14:13:14:Infinity":1,"s:15:8:15:Infinity":2,"s:16:8:16:Infinity":3,"s:18:8:18:Infinity":4,"f:18:33:18:34":1,"s:18:44:18:73":5,"s:19:8:19:Infinity":6,"f:19:33:19:34":2,"s:19:44:19:66":7,"s:20:8:20:Infinity":8,"f:20:31:20:32":3,"s:20:42:20:62":9,"s:21:8:21:Infinity":10,"f:21:35:21:36":4,"s:21:46:21:67":11,"s:22:8:22:Infinity":12,"f:22:36:22:37":5,"s:22:47:22:69":13,"s:23:8:23:Infinity":14,"f:23:41:23:42":6,"s:23:52:23:78":15,"s:25:2:32:Infinity":16,"f:25:12:25:18":7,"b:26:4:28:Infinity:undefined:undefined:undefined:undefined":0,"s:26:4:28:Infinity":17,"s:27:6:27:Infinity":18,"s:29:4:31:Infinity":19,"f:29:11:29:17":8,"s:30:6:30:Infinity":20,"s:34:8:37:Infinity":21,"f:35:4:35:10":9,"s:35:10:35:Infinity":22,"f:35:25:35:26":10,"s:35:32:35:50":23,"s:39:8:42:Infinity":24,"f:40:4:40:10":11,"s:40:10:40:Infinity":25,"f:40:26:40:27":12,"s:40:33:40:61":26,"s:44:8:56:Infinity":27,"f:44:43:44:49":13,"b:45:4:48:Infinity:undefined:undefined:undefined:undefined":1,"s:45:4:48:Infinity":28,"s:46:6:46:Infinity":29,"s:47:6:47:Infinity":30,"b:49:4:49:Infinity:undefined:undefined:undefined:undefined":2,"s:49:4:49:Infinity":31,"s:49:13:49:Infinity":32,"s:50:21:50:Infinity":33,"f:50:36:50:37":14,"s:50:43:50:61":34,"b:51:4:55:Infinity:53:11:55:Infinity":3,"s:51:4:55:Infinity":35,"s:52:6:52:Infinity":36,"s:54:6:54:Infinity":37,"s:58:8:60:Infinity":38,"f:58:33:58:39":15,"s:59:4:59:Infinity":39,"b:62:2:62:Infinity:undefined:undefined:undefined:undefined":4,"s:62:2:62:Infinity":40,"s:62:15:62:Infinity":41,"b:63:2:63:Infinity:undefined:undefined:undefined:undefined":5,"s:63:2:63:Infinity":42,"s:63:13:63:Infinity":43,"b:64:2:64:Infinity:undefined:undefined:undefined:undefined":6,"s:64:2:64:Infinity":44,"s:64:16:64:Infinity":45,"s:66:2:73:Infinity":46}}}
,"C:\\Users\\admin\\OneDrive\\Desktop\\Front-end_final\\src\\containers\\ArticleFeedContainer.tsx": {"path":"C:\\Users\\admin\\OneDrive\\Desktop\\Front-end_final\\src\\containers\\ArticleFeedContainer.tsx","statementMap":{"0":{"start":{"line":22,"column":73},"end":{"line":150,"column":null}},"1":{"start":{"line":25,"column":8},"end":{"line":25,"column":null}},"2":{"start":{"line":26,"column":8},"end":{"line":26,"column":null}},"3":{"start":{"line":28,"column":8},"end":{"line":28,"column":null}},"4":{"start":{"line":28,"column":45},"end":{"line":28,"column":65}},"5":{"start":{"line":29,"column":8},"end":{"line":29,"column":null}},"6":{"start":{"line":29,"column":44},"end":{"line":29,"column":66}},"7":{"start":{"line":30,"column":8},"end":{"line":30,"column":null}},"8":{"start":{"line":30,"column":42},"end":{"line":30,"column":62}},"9":{"start":{"line":31,"column":8},"end":{"line":31,"column":null}},"10":{"start":{"line":31,"column":48},"end":{"line":31,"column":74}},"11":{"start":{"line":32,"column":8},"end":{"line":32,"column":null}},"12":{"start":{"line":32,"column":43},"end":{"line":32,"column":64}},"13":{"start":{"line":33,"column":8},"end":{"line":33,"column":null}},"14":{"start":{"line":33,"column":46},"end":{"line":33,"column":67}},"15":{"start":{"line":34,"column":8},"end":{"line":34,"column":null}},"16":{"start":{"line":34,"column":47},"end":{"line":34,"column":69}},"17":{"start":{"line":35,"column":8},"end":{"line":35,"column":null}},"18":{"start":{"line":35,"column":52},"end":{"line":35,"column":78}},"19":{"start":{"line":37,"column":2},"end":{"line":44,"column":null}},"20":{"start":{"line":38,"column":21},"end":{"line":38,"column":null}},"21":{"start":{"line":38,"column":44},"end":{"line":38,"column":67}},"22":{"start":{"line":39,"column":4},"end":{"line":43,"column":null}},"23":{"start":{"line":46,"column":8},"end":{"line":52,"column":null}},"24":{"start":{"line":48,"column":6},"end":{"line":48,"column":null}},"25":{"start":{"line":48,"column":48},"end":{"line":48,"column":null}},"26":{"start":{"line":49,"column":6},"end":{"line":49,"column":null}},"27":{"start":{"line":49,"column":42},"end":{"line":49,"column":53}},"28":{"start":{"line":54,"column":8},"end":{"line":54,"column":null}},"29":{"start":{"line":56,"column":8},"end":{"line":70,"column":null}},"30":{"start":{"line":58,"column":6},"end":{"line":61,"column":null}},"31":{"start":{"line":59,"column":8},"end":{"line":59,"column":null}},"32":{"start":{"line":60,"column":8},"end":{"line":60,"column":null}},"33":{"start":{"line":62,"column":23},"end":{"line":62,"column":null}},"34":{"start":{"line":62,"column":45},"end":{"line":62,"column":70}},"35":{"start":{"line":63,"column":6},"end":{"line":67,"column":null}},"36":{"start":{"line":64,"column":8},"end":{"line":64,"column":null}},"37":{"start":{"line":66,"column":8},"end":{"line":66,"column":null}},"38":{"start":{"line":72,"column":8},"end":{"line":77,"column":null}},"39":{"start":{"line":74,"column":6},"end":{"line":74,"column":null}},"40":{"start":{"line":79,"column":8},"end":{"line":84,"column":null}},"41":{"start":{"line":81,"column":6},"end":{"line":81,"column":null}},"42":{"start":{"line":86,"column":8},"end":{"line":91,"column":null}},"43":{"start":{"line":88,"column":6},"end":{"line":88,"column":null}},"44":{"start":{"line":93,"column":8},"end":{"line":98,"column":null}},"45":{"start":{"line":95,"column":6},"end":{"line":95,"column":null}},"46":{"start":{"line":100,"column":8},"end":{"line":102,"column":null}},"47":{"start":{"line":101,"column":4},"end":{"line":101,"column":null}},"48":{"start":{"line":104,"column":2},"end":{"line":148,"column":null}},"49":{"start":{"line":122,"column":14},"end":{"line":124,"column":null}},"50":{"start":{"line":132,"column":14},"end":{"line":132,"column":null}}},"fnMap":{"0":{"name":"(anonymous_0)","decl":{"start":{"line":22,"column":73},"end":{"line":22,"column":74}},"loc":{"start":{"line":24,"column":6},"end":{"line":150,"column":null}},"line":24},"1":{"name":"(anonymous_1)","decl":{"start":{"line":28,"column":34},"end":{"line":28,"column":35}},"loc":{"start":{"line":28,"column":45},"end":{"line":28,"column":65}},"line":28},"2":{"name":"(anonymous_2)","decl":{"start":{"line":29,"column":33},"end":{"line":29,"column":34}},"loc":{"start":{"line":29,"column":44},"end":{"line":29,"column":66}},"line":29},"3":{"name":"(anonymous_3)","decl":{"start":{"line":30,"column":31},"end":{"line":30,"column":32}},"loc":{"start":{"line":30,"column":42},"end":{"line":30,"column":62}},"line":30},"4":{"name":"(anonymous_4)","decl":{"start":{"line":31,"column":37},"end":{"line":31,"column":38}},"loc":{"start":{"line":31,"column":48},"end":{"line":31,"column":74}},"line":31},"5":{"name":"(anonymous_5)","decl":{"start":{"line":32,"column":32},"end":{"line":32,"column":33}},"loc":{"start":{"line":32,"column":43},"end":{"line":32,"column":64}},"line":32},"6":{"name":"(anonymous_6)","decl":{"start":{"line":33,"column":35},"end":{"line":33,"column":36}},"loc":{"start":{"line":33,"column":46},"end":{"line":33,"column":67}},"line":33},"7":{"name":"(anonymous_7)","decl":{"start":{"line":34,"column":36},"end":{"line":34,"column":37}},"loc":{"start":{"line":34,"column":47},"end":{"line":34,"column":69}},"line":34},"8":{"name":"(anonymous_8)","decl":{"start":{"line":35,"column":41},"end":{"line":35,"column":42}},"loc":{"start":{"line":35,"column":52},"end":{"line":35,"column":78}},"line":35},"9":{"name":"(anonymous_9)","decl":{"start":{"line":37,"column":12},"end":{"line":37,"column":18}},"loc":{"start":{"line":37,"column":18},"end":{"line":44,"column":5}},"line":37},"10":{"name":"(anonymous_10)","decl":{"start":{"line":38,"column":37},"end":{"line":38,"column":38}},"loc":{"start":{"line":38,"column":44},"end":{"line":38,"column":67}},"line":38},"11":{"name":"(anonymous_11)","decl":{"start":{"line":47,"column":4},"end":{"line":47,"column":10}},"loc":{"start":{"line":47,"column":10},"end":{"line":50,"column":null}},"line":47},"12":{"name":"(anonymous_12)","decl":{"start":{"line":49,"column":35},"end":{"line":49,"column":36}},"loc":{"start":{"line":49,"column":42},"end":{"line":49,"column":53}},"line":49},"13":{"name":"(anonymous_13)","decl":{"start":{"line":57,"column":4},"end":{"line":57,"column":5}},"loc":{"start":{"line":57,"column":27},"end":{"line":68,"column":null}},"line":57},"14":{"name":"(anonymous_14)","decl":{"start":{"line":62,"column":38},"end":{"line":62,"column":39}},"loc":{"start":{"line":62,"column":45},"end":{"line":62,"column":70}},"line":62},"15":{"name":"(anonymous_15)","decl":{"start":{"line":73,"column":4},"end":{"line":73,"column":5}},"loc":{"start":{"line":73,"column":27},"end":{"line":75,"column":null}},"line":73},"16":{"name":"(anonymous_16)","decl":{"start":{"line":80,"column":4},"end":{"line":80,"column":5}},"loc":{"start":{"line":80,"column":23},"end":{"line":82,"column":null}},"line":80},"17":{"name":"(anonymous_17)","decl":{"start":{"line":87,"column":4},"end":{"line":87,"column":5}},"loc":{"start":{"line":87,"column":49},"end":{"line":89,"column":null}},"line":87},"18":{"name":"(anonymous_18)","decl":{"start":{"line":94,"column":4},"end":{"line":94,"column":5}},"loc":{"start":{"line":94,"column":29},"end":{"line":96,"column":null}},"line":94},"19":{"name":"(anonymous_19)","decl":{"start":{"line":100,"column":34},"end":{"line":100,"column":40}},"loc":{"start":{"line":100,"column":40},"end":{"line":102,"column":5}},"line":100},"20":{"name":"(anonymous_20)","decl":{"start":{"line":121,"column":30},"end":{"line":121,"column":31}},"loc":{"start":{"line":122,"column":14},"end":{"line":124,"column":null}},"line":122},"21":{"name":"(anonymous_21)","decl":{"start":{"line":131,"column":30},"end":{"line":131,"column":31}},"loc":{"start":{"line":132,"column":14},"end":{"line":132,"column":null}},"line":132}},"branchMap":{"0":{"loc":{"start":{"line":28,"column":8},"end":{"line":28,"column":null}},"type":"binary-expr","locations":[{"start":{"line":28,"column":8},"end":{"line":28,"column":70}},{"start":{"line":28,"column":70},"end":{"line":28,"column":null}}],"line":28},"1":{"loc":{"start":{"line":33,"column":8},"end":{"line":33,"column":null}},"type":"binary-expr","locations":[{"start":{"line":33,"column":8},"end":{"line":33,"column":72}},{"start":{"line":33,"column":72},"end":{"line":33,"column":null}}],"line":33},"2":{"loc":{"start":{"line":34,"column":8},"end":{"line":34,"column":null}},"type":"binary-expr","locations":[{"start":{"line":34,"column":8},"end":{"line":34,"column":74}},{"start":{"line":34,"column":74},"end":{"line":34,"column":null}}],"line":34},"3":{"loc":{"start":{"line":41,"column":8},"end":{"line":41,"column":null}},"type":"cond-expr","locations":[{"start":{"line":41,"column":19},"end":{"line":41,"column":49}},{"start":{"line":41,"column":49},"end":{"line":41,"column":null}}],"line":41},"4":{"loc":{"start":{"line":48,"column":6},"end":{"line":48,"column":null}},"type":"if","locations":[{"start":{"line":48,"column":6},"end":{"line":48,"column":null}},{"start":{},"end":{}}],"line":48},"5":{"loc":{"start":{"line":48,"column":10},"end":{"line":48,"column":48}},"type":"binary-expr","locations":[{"start":{"line":48,"column":10},"end":{"line":48,"column":24}},{"start":{"line":48,"column":24},"end":{"line":48,"column":48}}],"line":48},"6":{"loc":{"start":{"line":58,"column":6},"end":{"line":61,"column":null}},"type":"if","locations":[{"start":{"line":58,"column":6},"end":{"line":61,"column":null}},{"start":{},"end":{}}],"line":58},"7":{"loc":{"start":{"line":63,"column":6},"end":{"line":67,"column":null}},"type":"if","locations":[{"start":{"line":63,"column":6},"end":{"line":67,"column":null}},{"start":{"line":65,"column":13},"end":{"line":67,"column":null}}],"line":63},"8":{"loc":{"start":{"line":95,"column":15},"end":{"line":95,"column":47}},"type":"cond-expr","locations":[{"start":{"line":95,"column":22},"end":{"line":95,"column":40}},{"start":{"line":95,"column":40},"end":{"line":95,"column":47}}],"line":95},"9":{"loc":{"start":{"line":108,"column":24},"end":{"line":108,"column":null}},"type":"binary-expr","locations":[{"start":{"line":108,"column":24},"end":{"line":108,"column":40}},{"start":{"line":108,"column":40},"end":{"line":108,"column":null}}],"line":108},"10":{"loc":{"start":{"line":129,"column":9},"end":{"line":134,"column":null}},"type":"binary-expr","locations":[{"start":{"line":129,"column":9},"end":{"line":129,"column":null}},{"start":{"line":130,"column":10},"end":{"line":134,"column":null}}],"line":129},"11":{"loc":{"start":{"line":137,"column":9},"end":{"line":137,"column":null}},"type":"binary-expr","locations":[{"start":{"line":137,"column":9},"end":{"line":137,"column":18}},{"start":{"line":137,"column":18},"end":{"line":137,"column":null}}],"line":137},"12":{"loc":{"start":{"line":139,"column":9},"end":{"line":145,"column":null}},"type":"binary-expr","locations":[{"start":{"line":139,"column":9},"end":{"line":139,"column":21}},{"start":{"line":139,"column":21},"end":{"line":139,"column":null}},{"start":{"line":140,"column":10},"end":{"line":145,"column":null}}],"line":139}},"s":{"0":0,"1":0,"2":0,"3":0,"4":0,"5":0,"6":0,"7":0,"8":0,"9":0,"10":0,"11":0,"12":0,"13":0,"14":0,"15":0,"16":0,"17":0,"18":0,"19":0,"20":0,"21":0,"22":0,"23":0,"24":0,"25":0,"26":0,"27":0,"28":0,"29":0,"30":0,"31":0,"32":0,"33":0,"34":0,"35":0,"36":0,"37":0,"38":0,"39":0,"40":0,"41":0,"42":0,"43":0,"44":0,"45":0,"46":0,"47":0,"48":0,"49":0,"50":0},"f":{"0":0,"1":0,"2":0,"3":0,"4":0,"5":0,"6":0,"7":0,"8":0,"9":0,"10":0,"11":0,"12":0,"13":0,"14":0,"15":0,"16":0,"17":0,"18":0,"19":0,"20":0,"21":0},"b":{"0":[0,0],"1":[0,0],"2":[0,0],"3":[0,0],"4":[0,0],"5":[0,0],"6":[0,0],"7":[0,0],"8":[0,0],"9":[0,0],"10":[0,0],"11":[0,0],"12":[0,0,0]},"meta":{"lastBranch":13,"lastFunction":22,"lastStatement":51,"seen":{"s:22:73:150:Infinity":0,"f:22:73:22:74":0,"s:25:8:25:Infinity":1,"s:26:8:26:Infinity":2,"s:28:8:28:Infinity":3,"b:28:8:28:70:28:70:28:Infinity":0,"f:28:34:28:35":1,"s:28:45:28:65":4,"s:29:8:29:Infinity":5,"f:29:33:29:34":2,"s:29:44:29:66":6,"s:30:8:30:Infinity":7,"f:30:31:30:32":3,"s:30:42:30:62":8,"s:31:8:31:Infinity":9,"f:31:37:31:38":4,"s:31:48:31:74":10,"s:32:8:32:Infinity":11,"f:32:32:32:33":5,"s:32:43:32:64":12,"s:33:8:33:Infinity":13,"b:33:8:33:72:33:72:33:Infinity":1,"f:33:35:33:36":6,"s:33:46:33:67":14,"s:34:8:34:Infinity":15,"b:34:8:34:74:34:74:34:Infinity":
[...]
,"C:\\Users\\admin\\OneDrive\\Desktop\\Front-end_final\\src\\store\\slices\\categoriesSlice.ts": {"path":"C:\\Users\\admin\\OneDrive\\Desktop\\Front-end_final\\src\\store\\slices\\categoriesSlice.ts","statementMap":{"0":{"start":{"line":11,"column":38},"end":{"line":15,"column":null}},"1":{"start":{"line":17,"column":13},"end":{"line":26,"column":null}},"2":{"start":{"line":20,"column":4},"end":{"line":24,"column":null}},"3":{"start":{"line":21,"column":6},"end":{"line":21,"column":null}},"4":{"start":{"line":23,"column":6},"end":{"line":23,"column":null}},"5":{"start":{"line":28,"column":6},"end":{"line":47,"column":null}},"6":{"start":{"line":33,"column":4},"end":{"line":45,"column":null}},"7":{"start":{"line":35,"column":8},"end":{"line":35,"column":null}},"8":{"start":{"line":36,"column":8},"end":{"line":36,"column":null}},"9":{"start":{"line":39,"column":8},"end":{"line":39,"column":null}},"10":{"start":{"line":40,"column":8},"end":{"line":40,"column":null}},"11":{"start":{"line":43,"column":8},"end":{"line":43,"column":null}},"12":{"start":{"line":44,"column":8},"end":{"line":44,"column":null}},"13":{"start":{"line":49,"column":32},"end":{"line":50,"column":null}},"14":{"start":{"line":50,"column":2},"end":{"line":50,"column":null}},"15":{"start":{"line":51,"column":39},"end":{"line":53,"column":null}},"16":{"start":{"line":53,"column":6},"end":{"line":53,"column":null}}},"fnMap":{"0":{"name":"(anonymous_0)","decl":{"start":{"line":19,"column":2},"end":{"line":19,"column":9}},"loc":{"start":{"line":19,"column":42},"end":{"line":25,"column":null}},"line":19},"1":{"name":"(anonymous_1)","decl":{"start":{"line":32,"column":17},"end":{"line":32,"column":18}},"loc":{"start":{"line":32,"column":30},"end":{"line":46,"column":null}},"line":32},"2":{"name":"(anonymous_2)","decl":{"start":{"line":34,"column":40},"end":{"line":34,"column":41}},"loc":{"start":{"line":34,"column":51},"end":{"line":37,"column":7}},"line":34},"3":{"name":"(anonymous_3)","decl":{"start":{"line":38,"column":42},"end":{"line":38,"column":43}},"loc":{"start":{"line":38,"column":61},"end":{"line":41,"column":7}},"line":38},"4":{"name":"(anonymous_4)","decl":{"start":{"line":42,"column":41},"end":{"line":42,"column":42}},"loc":{"start":{"line":42,"column":60},"end":{"line":45,"column":7}},"line":42},"5":{"name":"(anonymous_5)","decl":{"start":{"line":49,"column":32},"end":{"line":49,"column":33}},"loc":{"start":{"line":50,"column":2},"end":{"line":50,"column":null}},"line":50},"6":{"name":"(anonymous_6)","decl":{"start":{"line":51,"column":39},"end":{"line":51,"column":40}},"loc":{"start":{"line":53,"column":6},"end":{"line":53,"column":null}},"line":53}},"branchMap":{},"s":{"0":2,"1":2,"2":0,"3":0,"4":0,"5":2,"6":2,"7":1,"8":1,"9":1,"10":1,"11":1,"12":1,"13":2,"14":1,"15":2,"16":1},"f":{"0":0,"1":2,"2":1,"3":1,"4":1,"5":1,"6":1},"b":{},"meta":{"lastBranch":0,"lastFunction":7,"lastStatement":17,"seen":{"s:11:38:15:Infinity":0,"s:17:13:26:Infinity":1,"f:19:2:19:9":0,"s:20:4:24:Infinity":2,"s:21:6:21:Infinity":3,"s:23:6:23:Infinity":4,"s:28:6:47:Infinity":5,"f:32:17:32:18":1,"s:33:4:45:Infinity":6,"f:34:40:34:41":2,"s:35:8:35:Infinity":7,"s:36:8:36:Infinity":8,"f:38:42:38:43":3,"s:39:8:39:Infinity":9,"s:40:8:40:Infinity":10,"f:42:41:42:42":4,"s:43:8:43:Infinity":11,"s:44:8:44:Infinity":12,"s:49:32:50:Infinity":13,"f:49:32:49:33":5,"s:50:2:50:Infinity":14,"s:51:39:53:Infinity":15,"f:51:39:51:40":6,"s:53:6:53:Infinity":16}}}
,"C:\\Users\\admin\\OneDrive\\Desktop\\Front-end_final\\src\\store\\slices\\userPreferencesSlice.ts": {"path":"C:\\Users\\admin\\OneDrive\\Desktop\\Front-end_final\\src\\store\\slices\\userPreferencesSlice.ts","statementMap":{"0":{"start":{"line":16,"column":43},"end":{"line":24,"column":null}},"1":{"start":{"line":26,"column":13},"end":{"line":49,"column":null}},"2":{"start":{"line":29,"column":4},"end":{"line":47,"column":null}},"3":{"start":{"line":30,"column":20},"end":{"line":30,"column":null}},"4":{"start":{"line":31,"column":21},"end":{"line":31,"column":null}},"5":{"start":{"line":32,"column":6},"end":{"line":32,"column":null}},"6":{"start":{"line":32,"column":19},"end":{"line":32,"column":null}},"7":{"start":{"line":33,"column":20},"end":{"line":33,"column":null}},"8":{"start":{"line":34,"column":6},"end":{"line":43,"column":null}},"9":{"start":{"line":35,"column":24},"end":{"line":41,"column":null}},"10":{"start":{"line":42,"column":8},"end":{"line":42,"column":null}},"11":{"start":{"line":44,"column":6},"end":{"line":44,"column":null}},"12":{"start":{"line":46,"column":6},"end":{"line":46,"column":null}},"13":{"start":{"line":51,"column":13},"end":{"line":71,"column":null}},"14":{"start":{"line":62,"column":4},"end":{"line":69,"column":null}},"15":{"start":{"line":63,"column":20},"end":{"line":63,"column":null}},"16":{"start":{"line":64,"column":21},"end":{"line":64,"column":null}},"17":{"start":{"line":65,"column":6},"end":{"line":65,"column":null}},"18":{"start":{"line":65,"column":19},"end":{"line":65,"column":null}},"19":{"start":{"line":66,"column":6},"end":{"line":66,"column":null}},"20":{"start":{"line":68,"column":6},"end":{"line":68,"column":null}},"21":{"start":{"line":73,"column":6},"end":{"line":118,"column":null}},"22":{"start":{"line":78,"column":6},"end":{"line":78,"column":null}},"23":{"start":{"line":81,"column":6},"end":{"line":81,"column":null}},"24":{"start":{"line":85,"column":4},"end":{"line":116,"column":null}},"25":{"start":{"line":87,"column":8},"end":{"line":87,"column":null}},"26":{"start":{"line":88,"column":8},"end":{"line":88,"column":null}},"27":{"start":{"line":91,"column":8},"end":{"line":91,"column":null}},"28":{"start":{"line":92,"column":8},"end":{"line":92,"column":null}},"29":{"start":{"line":93,"column":8},"end":{"line":93,"column":null}},"30":{"start":{"line":94,"column":8},"end":{"line":94,"column":null}},"31":{"start":{"line":95,"column":8},"end":{"line":95,"column":null}},"32":{"start":{"line":96,"column":8},"end":{"line":96,"column":null}},"33":{"start":{"line":99,"column":8},"end":{"line":99,"column":null}},"34":{"start":{"line":100,"column":8},"end":{"line":100,"column":null}},"35":{"start":{"line":103,"column":8},"end":{"line":103,"column":null}},"36":{"start":{"line":104,"column":8},"end":{"line":104,"column":null}},"37":{"start":{"line":107,"column":8},"end":{"line":107,"column":null}},"38":{"start":{"line":108,"column":8},"end":{"line":108,"column":null}},"39":{"start":{"line":109,"column":8},"end":{"line":109,"column":null}},"40":{"start":{"line":110,"column":8},"end":{"line":110,"column":null}},"41":{"start":{"line":111,"column":8},"end":{"line":111,"column":null}},"42":{"start":{"line":114,"column":8},"end":{"line":114,"column":null}},"43":{"start":{"line":115,"column":8},"end":{"line":115,"column":null}},"44":{"start":{"line":120,"column":46},"end":{"line":120,"column":null}},"45":{"start":{"line":122,"column":33},"end":{"line":124,"column":null}},"46":{"start":{"line":124,"column":6},"end":{"line":124,"column":null}},"47":{"start":{"line":125,"column":27},"end":{"line":127,"column":null}},"48":{"start":{"line":127,"column":6},"end":{"line":127,"column":null}},"49":{"start":{"line":128,"column":33},"end":{"line":130,"column":null}},"50":{"start":{"line":130,"column":6},"end":{"line":130,"column":null}}},"fnMap":{"0":{"name":"(anonymous_0)","decl":{"start":{"line":28,"column":2},"end":{"line":28,"column":9}},"loc":{"start":{"line":28,"column":52},"end":{"line":48,"column":null}},"line":28},"1":{"name":"(anonymous_1)","decl":{"start":{"line":53,"column":2},"end":{"line":53,"column":null}},"loc":{"start":{"line":61,"column":7},"end":{"line":70,"column":null}},"line":61},"2":{"name":"(anonymous_2)","decl":{"start":{"line":77,"column":4},"end":{"line":77,"column":13}},"loc":{"start":{"line":77,"column":61},"end":{"line":79,"column":null}},"line":77},"3":{"name":"(anonymous_3)","decl":{"start":{"line":80,"column":4},"end":{"line":80,"column":23}},"loc":{"start":{"line":80,"column":23},"end":{"line":82,"column":null}},"line":80},"4":{"name":"(anonymous_4)","decl":{"start":{"line":84,"column":17},"end":{"line":84,"column":18}},"loc":{"start":{"line":84,"column":30},"end":{"line":117,"column":null}},"line":84},"5":{"name":"(anonymous_5)","decl":{"start":{"line":86,"column":41},"end":{"line":86,"column":42}},"loc":{"start":{"line":86,"column":52},"end":{"line":89,"column":7}},"line":86},"6":{"name":"(anonymous_6)","decl":{"start":{"line":90,"column":43},"end":{"line":90,"column":44}},"loc":{"start":{"line":90,"column":62},"end":{"line":97,"column":7}},"line":90},"7":{"name":"(anonymous_7)","decl":{"start":{"line":98,"column":42},"end":{"line":98,"column":43}},"loc":{"start":{"line":98,"column":61},"end":{"line":101,"column":7}},"line":98},"8":{"name":"(anonymous_8)","decl":{"start":{"line":102,"column":42},"end":{"line":102,"column":43}},"loc":{"start":{"line":102,"column":53},"end":{"line":105,"column":7}},"line":102},"9":{"name":"(anonymous_9)","decl":{"start":{"line":106,"column":44},"end":{"line":106,"column":45}},"loc":{"start":{"line":106,"column":63},"end":{"line":112,"column":7}},"line":106},"10":{"name":"(anonymous_10)","decl":{"start":{"line":113,"column":43},"end":{"line":113,"column":44}},"loc":{"start":{"line":113,"column":62},"end":{"line":116,"column":7}},"line":113},"11":{"name":"(anonymous_11)","decl":{"start":{"line":122,"column":33},"end":{"line":122,"column":34}},"loc":{"start":{"line":124,"column":6},"end":{"line":124,"column":null}},"line":124},"12":{"name":"(anonymous_12)","decl":{"start":{"line":125,"column":27},"end":{"line":125,"column":28}},"loc":{"start":{"line":127,"column":6},"end":{"line":127,"column":null}},"line":127},"13":{"name":"(anonymous_13)","decl":{"start":{"line":128,"column":33},"end":{"line":128,"column":34}},"loc":{"start":{"line":130,"column":6},"end":{"line":130,"column":null}},"line":130}},"branchMap":{"0":{"loc":{"start":{"line":32,"column":6},"end":{"line":32,"column":null}},"type":"if","locations":[{"start":{"line":32,"column":6},"end":{"line":32,"column":null}},{"start":{},"end":{}}],"line":32},"1":{"loc":{"start":{"line":34,"column":6},"end":{"line":43,"column":null}},"type":"if","locations":[{"start":{"line":34,"column":6},"end":{"line":43,"column":null}},{"start":{},"end":{}}],"line":34},"2":{"loc":{"start":{"line":65,"column":6},"end":{"line":65,"column":null}},"type":"if","locations":[{"start":{"line":65,"column":6},"end":{"line":65,"column":null}},{"start":{},"end":{}}],"line":65}},"s":{"0":2,"1":2,"2":0,"3":0,"4":0,"5":0,"6":0,"7":0,"8":0,"9":0,"10":0,"11":0,"12":0,"13":2,"14":0,"15":0,"16":0,"17":0,"18":0,"19":0,"20":0,"21":2,"22":1,"23":1,"24":2,"25":1,"26":1,"27":1,"28":1,"29":1,"30":1,"31":1,"32":1,"33":1,"34":1,"35":1,"36":1,"37":1,"38":1,"39":1,"40":1,"41":1,"42":0,"43":0,"44":2,"45":2,"46":1,"47":2,"48":1,"49":2,"50":1},"f":{"0":0,"1":0,"2":1,"3":1,"4":2,"5":1,"6":1,"7":1,"8":1,"9":1,"10":0,"11":1,"12":1,"13":1},"b":{"0":[0,0],"1":[0,0],"2":[0,0]},"meta":{"lastBranch":3,"lastFunction":14,"lastStatement":51,"seen":{"s:16:43:24:Infinity":0,"s:26:13:49:Infinity":1,"f:28:2:28:9":0,"s:29:4:47:Infinity":2,"s:30:20:30:Infinity":3,"s:31:21:31:Infinity":4,"b:32:6:32:Infinity:undefined:undefined:undefined:undefined":0,"s:32:6:32:Infinity":5,"s:32:19:32:Infinity":6,"s:33:20:33:Infinity":7,"b:34:6:43:Infinity:undefined:undefined:undefined:undefined":1,"s:34:6:43:Infinity":8,"s:35:24:41:Infinity":9,"s:42:8:42:Infinity":10,"s:44:6:44:Infinity":11,"s:46:6:46:Infinity":12,"s:51:13:71:Infinity":13,"f:53:2:53:Infinity":1,"s:62:4:69:Infinity":14,"s:63:20:63:Infinity":15,"s:64:21:64:Infinity":16,"b:65:6:65:Infinity:undefined:undefined:undefined:undefined":2,"s:65:6:65:Infinity":17,"s:65:19:65:Infinity":18,"s:66:6:66:Infinity":19,"s:68:6:68:Infinity":20,"s:73:6:118:Infinity":21,"f:77:4:77:13":2,"s:78:6:78:Infinity":22,"f:80:4:80:23":3,"s:81:6:81:Infinity":23,"f:84:17:84:18":4,"s:85:4:116:Infinity":24,"f:86:41:86:42":5,"s:87:8:87:Infinity":25,"s:88:8:88:Infinity":26,"f:90:43:90:44":6,"s:91:8:91:Infinity":27,"s:92:8:92:Infinity":28,"s:93:8:93:Infinity":29,"s:94:8:94:Infinity":30,"s:95:8:95:Infinity":31,"s:96:8:96:Infinity":32,"f:98:42:98:43":7,"s:99:8:99:Infinity":33,"s:100:8:100:Infinity":34,"f:102:42:102:43":8,"s:103:8:103:Infinity":35,"s:104:8:104:Infinity":36,"f:106:44:106:45":9,"s:107:8:107:Infinity":37,"s:108:8:108:Infinity":38,"s:109:8:109:Infinity":39,"s:110:8:110:Infinity":40,"s:111:8:111:Infinity":41,"f:113:43:113:44":10,"s:114:8:114:Infinity":42,"s:115:8:115:Infinity":43,"s:120:46:120:Infinity":44,"s:122:33:124:Infinity":45,"f:122:33:122:34":11,"s:124:6:124:Infinity":46,"s:125:27:127:Infinity":47,"f:125:27:125:28":12,"s:127:6:127:Infinity":48,"s:128:33:130:Infinity":49,"f:128:33:128:34":13,"s:130:6:130:Infinity":50}}}
,"C:\\Users\\admin\\OneDrive\\Desktop\\Front-end_final\\src\\utils\\constants.ts": {"path":"C:\\Users\\admin\\OneDrive\\Desktop\\Front-end_final\\src\\utils\\constants.ts","statementMap":{"0":{"start":{"line":1,"column":33},"end":{"line":1,"column":null}},"1":{"start":{"line":2,"column":30},"end":{"line":2,"column":null}},"2":{"start":{"line":3,"column":35},"end":{"line":3,"column":null}},"3":{"start":{"line":4,"column":35},"end":{"line":4,"column":null}},"4":{"start":{"line":5,"column":28},"end":{"line":9,"column":null}}},"fnMap":{},"branchMap":{},"s":{"0":1,"1":1,"2":1,"3":1,"4":1},"f":{},"b":{},"meta":{"lastBranch":0,"lastFunction":0,"lastStatement":5,"seen":{"s:1:33:1:Infinity":0,"s:2:30:2:Infinity":1,"s:3:35:3:Infinity":2,"s:4:35:4:Infinity":3,"s:5:28:9:Infinity":4}}}
,"C:\\Users\\admin\\OneDrive\\Desktop\\Front-end_final\\src\\utils\\formatDate.ts": {"path":"C:\\Users\\admin\\OneDrive\\Desktop\\Front-end_final\\src\\utils\\formatDate.ts","statementMap":{"0":{"start":{"line":2,"column":15},"end":{"line":2,"column":null}},"1":{"start":{"line":3,"column":2},"end":{"line":7,"column":null}},"2":{"start":{"line":11,"column":15},"end":{"line":11,"column":null}},"3":{"start":{"line":12,"column":14},"end":{"line":12,"column":null}},"4":{"start":{"line":13,"column":17},"end":{"line":13,"column":null}},"5":{"start":{"line":14,"column":19},"end":{"line":14,"column":null}},"6":{"start":{"line":15,"column":20},"end":{"line":15,"column":null}},"7":{"start":{"line":16,"column":19},"end":{"line":16,"column":null}},"8":{"start":{"line":18,"column":2},"end":{"line":18,"column":null}},"9":{"start":{"line":18,"column":20},"end":{"line":18,"column":null}},"10":{"start":{"line":19,"column":2},"end":{"line":19,"column":null}},"11":{"start":{"line":19,"column":21},"end":{"line":19,"column":null}},"12":{"start":{"line":20,"column":2},"end":{"line":20,"column":null}},"13":{"start":{"line":20,"column":22},"end":{"line":20,"column":null}},"14":{"start":{"line":21,"column":2},"end":{"line":21,"column":null}},"15":{"start":{"line":21,"column":20},"end":{"line":21,"column":null}},"16":{"start":{"line":22,"column":2},"end":{"line":22,"column":null}}},"fnMap":{"0":{"name":"formatDate","decl":{"start":{"line":1,"column":16},"end":{"line":1,"column":27}},"loc":{"start":{"line":1,"column":55},"end":{"line":8,"column":null}},"line":1},"1":{"name":"formatRelativeTime","decl":{"start":{"line":10,"column":16},"end":{"line":10,"column":35}},"loc":{"start":{"line":10,"column":63},"end":{"line":23,"column":null}},"line":10}},"branchMap":{"0":{"loc":{"start":{"line":18,"column":2},"end":{"line":18,"column":null}},"type":"if","locations":[{"start":{"line":18,"column":2},"end":{"line":18,"column":null}},{"start":{},"end":{}}],"line":18},"1":{"loc":{"start":{"line":19,"column":2},"end":{"line":19,"column":null}},"type":"if","locations":[{"start":{"line":19,"column":2},"end":{"line":19,"column":null}},{"start":{},"end":{}}],"line":19},"2":{"loc":{"start":{"line":20,"column":2},"end":{"line":20,"column":null}},"type":"if","locations":[{"start":{"line":20,"column":2},"end":{"line":20,"column":null}},{"start":{},"end":{}}],"line":20},"3":{"loc":{"start":{"line":21,"column":2},"end":{"line":21,"column":null}},"type":"if","locations":[{"start":{"line":21,"column":2},"end":{"line":21,"column":null}},{"start":{},"end":{}}],"line":21}},"s":{"0":12,"1":12,"2":14,"3":14,"4":14,"5":14,"6":14,"7":14,"8":14,"9":1,"10":13,"11":13,"12":12,"13":12,"14":11,"15":11,"16":10},"f":{"0":12,"1":14},"b":{"0":[1,13],"1":[1,12],"2":[1,11],"3":[1,10]},"meta":{"lastBranch":4,"lastFunction":2,"lastStatement":17,"seen":{"f:1:16:1:27":0,"s:2:15:2:Infinity":0,"s:3:2:7:Infinity":1,"f:10:16:10:35":1,"s:11:15:11:Infinity":2,"s:12:14:12:Infinity":3,"s:13:17:13:Infinity":4,"s:14:19:14:Infinity":5,"s:15:20:15:Infinity":6,"s:16:19:16:Infinity":7,"b:18:2:18:Infinity:undefined:undefined:undefined:undefined":0,"s:18:2:18:Infinity":8,"s:18:20:18:Infinity":9,"b:19:2:19:Infinity:undefined:undefined:undefined:undefined":1,"s:19:2:19:Infinity":10,"s:19:21:19:Infinity":11,"b:20:2:20:Infinity:undefined:undefined:undefined:undefined":2,"s:20:2:20:Infinity":12,"s:20:22:20:Infinity":13,"b:21:2:21:Infinity:undefined:undefined:undefined:undefined":3,"s:21:2:21:Infinity":14,"s:21:20:21:Infinity":15,"s:22:2:22:Infinity":16}}}
,"C:\\Users\\admin\\OneDrive\\Desktop\\Front-end_final\\src\\utils\\truncateText.ts": {"path":"C:\\Users\\admin\\OneDrive\\Desktop\\Front-end_final\\src\\utils\\truncateText.ts","statementMap":{"0":{"start":{"line":2,"column":2},"end":{"line":2,"column":null}},"1":{"start":{"line":2,"column":32},"end":{"line":2,"column":null}},"2":{"start":{"line":3,"column":2},"end":{"line":3,"column":null}}},"fnMap":{"0":{"name":"truncateText","decl":{"start":{"line":1,"column":16},"end":{"line":1,"column":29}},"loc":{"start":{"line":1,"column":70},"end":{"line":4,"column":null}},"line":1}},"branchMap":{"0":{"loc":{"start":{"line":2,"column":2},"end":{"line":2,"column":null}},"type":"if","locations":[{"start":{"line":2,"column":2},"end":{"line":2,"column":null}},{"start":{},"end":{}}],"line":2}},"s":{"0":0,"1":0,"2":0},"f":{"0":0},"b":{"0":[0,0]},"meta":{"lastBranch":1,"lastFunction":1,"lastStatement":3,"seen":{"f:1:16:1:29":0,"b:2:2:2:Infinity:undefined:undefined:undefined:undefined":0,"s:2:2:2:Infinity":0,"s:2:32:2:Infinity":1,"s:3:2:3:Infinity":2}}}
,"C:\\Users\\admin\\OneDrive\\Desktop\\Front-end_final\\src\\utils\\validators.ts": {"path":"C:\\Users\\admin\\OneDrive\\Desktop\\Front-end_final\\src\\utils\\validators.ts","statementMap":{"0":{"start":{"line":2,"column":2},"end":{"line":2,"column":null}},"1":{"start":{"line":6,"column":2},"end":{"line":6,"column":null}},"2":{"start":{"line":10,"column":2},"end":{"line":10,"column":null}},"3":{"start":{"line":14,"column":2},"end":{"line":14,"column":null}}},"fnMap":{"0":{"name":"isValidEmail","decl":{"start":{"line":1,"column":16},"end":{"line":1,"column":29}},"loc":{"start":{"line":1,"column":53},"end":{"line":3,"column":null}},"line":1},"1":{"name":"isMinLength","decl":{"start":{"line":5,"column":16},"end":{"line":5,"column":28}},"loc":{"start":{"line":5,"column":65},"end":{"line":7,"column":null}},"line":5},"2":{"name":"isAlphanumeric","decl":{"start":{"line":9,"column":16},"end":{"line":9,"column":31}},"loc":{"start":{"line":9,"column":55},"end":{"line":11,"column":null}},"line":9},"3":{"name":"isRequired","decl":{"start":{"line":13,"column":16},"end":{"line":13,"column":27}},"loc":{"start":{"line":13,"column":51},"end":{"line":15,"column":null}},"line":13}},"branchMap":{},"s":{"0":8,"1":4,"2":6,"3":4},"f":{"0":8,"1":4,"2":6,"3":4},"b":{},"meta":{"lastBranch":0,"lastFunction":4,"lastStatement":4,"seen":{"f:1:16:1:29":0,"s:2:2:2:Infinity":0,"f:5:16:5:28":1,"s:6:2:6:Infinity":1,"f:9:16:9:31":2,"s:10:2:10:Infinity":2,"f:13:16:13:27":3,"s:14:2:14:Infinity":3}}}
}
